#
# A fatal error has been detected by the Java Runtime Environment:
#
#  EXCEPTION_ACCESS_VIOLATION (0xc0000005) at pc=0x00007ffe02b57003, pid=6172, tid=8556
#
# JRE version: OpenJDK Runtime Environment Temurin-21.0.6+7 (21.0.6+7) (build 21.0.6+7-LTS)
# Java VM: OpenJDK 64-Bit Server VM Temurin-21.0.6+7 (21.0.6+7-LTS, mixed mode, sharing, tiered, compressed oops, compressed class ptrs, g1 gc, windows-amd64)
# Problematic frame:
# V  [jvm.dll+0x287003]
#
# No core dump will be written. Minidumps are not enabled by default on client versions of Windows
#
# If you would like to submit a bug report, please visit:
#   https://github.com/adoptium/adoptium-support/issues
#

---------------  S U M M A R Y ------------

Command Line: -Dfile.encoding=UTF-8 -Dstdout.encoding=UTF-8 -Dstderr.encoding=UTF-8 -XX:+ShowCodeDetailsInExceptionMessages com.klu.sdp_project.SdpProjectApplication

Host: Intel(R) Core(TM) i5-8250U CPU @ 1.60GHz, 8 cores, 7G,  Windows 10 , 64 bit Build 19041 (10.0.19041.5438)
Time: Tue Mar 25 17:42:47 2025 India Standard Time elapsed time: 27.733218 seconds (0d 0h 0m 27s)

---------------  T H R E A D  ---------------

Current thread (0x000001a8e71c8970):  JavaThread "C2 CompilerThread0" daemon [_thread_in_native, id=8556, stack(0x000000775d800000,0x000000775d900000) (1024K)]


Current CompileTask:
C2:27733 6988       4       org.springframework.core.ResolvableType::hasGenerics (14 bytes)

Stack: [0x000000775d800000,0x000000775d900000],  sp=0x000000775d8f8908,  free space=994k
Native frames: (J=compiled Java code, j=interpreted, Vv=VM code, C=native code)
V  [jvm.dll+0x287003]


siginfo: EXCEPTION_ACCESS_VIOLATION (0xc0000005), reading address 0x00007ffe0237e928


Registers:
RAX=0x00007ffe0237e8d8, RBX=0x0000000000000000, RCX=0x000001a8eea3f7d8, RDX=0x0000000000000040
RSP=0x000000775d8f8908, RBP=0x0000000000000000, RSI=0x000001a8ec388cf0, RDI=0x000001a8f0b118a0
R8 =0x000001a8eea40228, R9 =0x000000775d8fe8b0, R10=0x0000000000000003, R11=0x0000000000000004
R12=0x000000000000073c, R13=0x000001a8f0b024e0, R14=0x0000000000000000, R15=0x000001a8eea3f7d8
RIP=0x00007ffe02b57003, EFLAGS=0x0000000000010202

XMM[0]=0x0000000000000000 0x00000351ce4767f0
XMM[1]=0x00000351ce4767f0 0x000006a39c8eb918
XMM[2]=0x000001a8e723a920 0x000001a8e723a840
XMM[3]=0x0000000000000000 0x0000000000000000
XMM[4]=0x0000000000000000 0x0000000000000000
XMM[5]=0x0000000000000000 0x0000000000000000
XMM[6]=0x0000000000000000 0x0000000000000000
XMM[7]=0x0000000000000000 0x0000000000000000
XMM[8]=0x0000000000000000 0x0000000000000000
XMM[9]=0x0000000000000000 0x0000000000000000
XMM[10]=0x0000000000000000 0x0000000000000000
XMM[11]=0x0000000000000000 0x0000000000000000
XMM[12]=0x0000000000000000 0x0000000000000000
XMM[13]=0x0000000000000000 0x0000000000000000
XMM[14]=0x0000000000000000 0x0000000000000000
XMM[15]=0x0000000000000000 0x0000000000000000
  MXCSR=0x00001fa0


Register to memory mapping:

RAX=0x00007ffe0237e8d8 is an unknown value
RBX=0x0 is null
RCX=0x000001a8eea3f7d8 points into unknown readable memory: 0x00007ffe0237e8d8 | d8 e8 37 02 fe 7f 00 00
RDX=0x0000000000000040 is an unknown value
RSP=0x000000775d8f8908 is pointing into the stack for thread: 0x000001a8e71c8970
RBP=0x0 is null
RSI=0x000001a8ec388cf0 points into unknown readable memory: 0x000000775d8fe8b0 | b0 e8 8f 5d 77 00 00 00
RDI=0x000001a8f0b118a0 points into unknown readable memory: 0x0000000400000000 | 00 00 00 00 04 00 00 00
R8 =0x000001a8eea40228 points into unknown readable memory: 0x000001a8eea40128 | 28 01 a4 ee a8 01 00 00
R9 =0x000000775d8fe8b0 is pointing into the stack for thread: 0x000001a8e71c8970
R10=0x0000000000000003 is an unknown value
R11=0x0000000000000004 is an unknown value
R12=0x000000000000073c is an unknown value
R13=0x000001a8f0b024e0 points into unknown readable memory: 0x0000001000000010 | 10 00 00 00 10 00 00 00
R14=0x0 is null
R15=0x000001a8eea3f7d8 points into unknown readable memory: 0x00007ffe0237e8d8 | d8 e8 37 02 fe 7f 00 00

Top of Stack: (sp=0x000000775d8f8908)
0x000000775d8f8908:   00007ffe02bb6aca 0000000000000000
0x000000775d8f8918:   000001a8ec388cf0 000001a8ec388cf0
0x000000775d8f8928:   000001a8f0b11880 0000000000000000
0x000000775d8f8938:   00007ffe0313b17d 000001a8eda2c0b0
0x000000775d8f8948:   0000000000000001 0000000000000001
0x000000775d8f8958:   0000000000000000 000001a8eda2c0b0
0x000000775d8f8968:   000001a8ec388cf0 000001a8ef08a620
0x000000775d8f8978:   00007ffe02bb687b 000001a800000000
0x000000775d8f8988:   000001a800000800 00000000000073c0
0x000000775d8f8998:   0000000080012980 000001a8eda2c0b0
0x000000775d8f89a8:   00007ffe03134652 0000000000000020
0x000000775d8f89b8:   0000000000000070 000001a8e795f1c8
0x000000775d8f89c8:   000001a8e795f230 0000000000000000
0x000000775d8f89d8:   00007ffe0313573a 0000000080012980
0x000000775d8f89e8:   000001a8eda2c060 000001a8ec388cf0
0x000000775d8f89f8:   000001a8e71cd080 000001a8edc2a5d0
0x000000775d8f8a08:   0000000000000007 0000000000000018
0x000000775d8f8a18:   00007ffe03132888 0000000000000000
0x000000775d8f8a28:   0000000000000000 000001a8f0aecf10
0x000000775d8f8a38:   00007ffe02f7a647 0000000000000000
0x000000775d8f8a48:   00007ffe00000018 000001a800000000
0x000000775d8f8a58:   0000000000000000 000001a87fffffff
0x000000775d8f8a68:   000000775d8fe590 000001a8e72110f8
0x000000775d8f8a78:   00007ffe02b19fcd 0000000000000050
0x000000775d8f8a88:   000001a8ed41f838 000000775d8fe590
0x000000775d8f8a98:   0000000000000050 000001a8ec3875d8
0x000000775d8f8aa8:   00007ffe02f3dbfe 000001a8e795e5e0
0x000000775d8f8ab8:   0000000000000051 000001a8e795f230
0x000000775d8f8ac8:   000001a8ed41f838 000000775d8f8db0
0x000000775d8f8ad8:   00007ffe02c6c82d 0000000000000050
0x000000775d8f8ae8:   000001a8ed41f838 0000000000000003
0x000000775d8f8af8:   000000775d8f8db0 000001a8e71abc00 

Instructions: (pc=0x00007ffe02b57003)
0x00007ffe02b56f03:   60 0f 10 00 0f 11 43 08 48 83 c4 30 5b c3 cc cc
0x00007ffe02b56f13:   cc cc cc cc cc cc cc cc cc cc cc cc cc 48 8d 05
0x00007ffe02b56f23:   39 02 79 00 c3 cc cc cc cc cc cc cc cc 45 84 c0
0x00007ffe02b56f33:   75 15 48 8b 81 e8 01 00 00 48 85 c0 74 09 48 3b
0x00007ffe02b56f43:   d0 72 04 32 c9 eb 02 b1 01 48 8d 42 ff 48 ba fe
0x00007ffe02b56f53:   ff ff ff ff ff ff 1f 48 3b c2 77 07 84 c9 74 03
0x00007ffe02b56f63:   b0 01 c3 32 c0 c3 cc cc cc cc cc cc cc 48 83 ec
0x00007ffe02b56f73:   28 4d 8b d0 84 d2 75 19 48 8b 01 45 0f b6 c1 49
0x00007ffe02b56f83:   8b d2 ff 90 90 00 00 00 84 c0 75 05 48 83 c4 28
0x00007ffe02b56f93:   c3 b0 01 48 83 c4 28 c3 cc cc cc cc cc 48 89 5c
0x00007ffe02b56fa3:   24 08 57 48 83 ec 20 48 8b 02 48 8b fa 48 8b 91
0x00007ffe02b56fb3:   e0 02 00 00 48 8b d9 48 8b cf ff 10 48 8b 07 48
0x00007ffe02b56fc3:   8b cf 48 8b 93 e8 02 00 00 ff 10 48 8b 07 48 8b
0x00007ffe02b56fd3:   cf 48 8b 93 f0 02 00 00 48 8b 5c 24 30 48 83 c4
0x00007ffe02b56fe3:   20 5f 48 ff 20 cc cc cc cc cc cc cc cc 48 8b 89
0x00007ffe02b56ff3:   e0 02 00 00 48 8b 01 48 ff 60 50 cc cc 48 8b 01
0x00007ffe02b57003:   48 ff 60 50 cc cc cc cc cc cc cc cc cc 40 53 48
0x00007ffe02b57013:   83 ec 20 80 3d e0 39 9a 00 00 48 8b d9 74 36 48
0x00007ffe02b57023:   8b 89 b0 02 00 00 e8 b2 13 f4 ff 48 8b 8b b8 02
0x00007ffe02b57033:   00 00 e8 a6 13 f4 ff 48 8b 8b c0 02 00 00 e8 9a
0x00007ffe02b57043:   13 f4 ff 48 8b 8b a8 02 00 00 48 8b 01 48 83 c4
0x00007ffe02b57053:   20 5b 48 ff 20 48 83 c4 20 5b c3 cc cc 48 89 5c
0x00007ffe02b57063:   24 08 57 48 83 ec 20 48 8b 91 e0 02 00 00 48 8b
0x00007ffe02b57073:   b9 e8 02 00 00 48 8b ca 48 8b 02 ff 50 50 48 8b
0x00007ffe02b57083:   17 48 8b cf 48 8b d8 ff 52 50 48 03 c3 48 8b 5c
0x00007ffe02b57093:   24 30 48 83 c4 20 5f c3 cc cc cc cc cc 0f 10 41
0x00007ffe02b570a3:   20 48 8b c2 0f 11 02 c3 cc cc cc cc cc 40 53 48
0x00007ffe02b570b3:   83 ec 20 48 8b d9 48 8b 89 e0 02 00 00 48 8b 01
0x00007ffe02b570c3:   ff 90 d8 00 00 00 48 8b 8b e8 02 00 00 48 8b 01
0x00007ffe02b570d3:   ff 90 d8 00 00 00 48 8b 8b f0 02 00 00 48 8b 01
0x00007ffe02b570e3:   48 83 c4 20 5b 48 ff a0 d8 00 00 00 cc 48 83 ec
0x00007ffe02b570f3:   38 4c 8b c1 48 8d 05 d2 ff 78 00 48 8b 49 20 48 


Stack slot to memory mapping:

stack at sp + 0 slots: 0x00007ffe02bb6aca jvm.dll
stack at sp + 1 slots: 0x0 is null
stack at sp + 2 slots: 0x000001a8ec388cf0 points into unknown readable memory: 0x000000775d8fe8b0 | b0 e8 8f 5d 77 00 00 00
stack at sp + 3 slots: 0x000001a8ec388cf0 points into unknown readable memory: 0x000000775d8fe8b0 | b0 e8 8f 5d 77 00 00 00
stack at sp + 4 slots: 0x000001a8f0b11880 points into unknown readable memory: 0x0000000400000003 | 03 00 00 00 04 00 00 00
stack at sp + 5 slots: 0x0 is null
stack at sp + 6 slots: 0x00007ffe0313b17d jvm.dll
stack at sp + 7 slots: 0x000001a8eda2c0b0 points into unknown readable memory: 0x00007ffe0337e8d8 | d8 e8 37 03 fe 7f 00 00


---------------  P R O C E S S  ---------------

Threads class SMR info:
_java_thread_list=0x000001a8ed4f0310, length=32, elements={
0x000001a8e71bca00, 0x000001a8e71bd910, 0x000001a8e71c35f0, 0x000001a8e71c42c0,
0x000001a8e71c4d10, 0x000001a8e71c5760, 0x000001a8e71c8970, 0x000001a8e71c9010,
0x000001a8e732e760, 0x000001a8e733b7c0, 0x000001a8e7d59ed0, 0x000001a8ee47d320,
0x000001a8ed449ad0, 0x000001a8ec91fa90, 0x000001a8ec91e050, 0x000001a8ec91c610,
0x000001a8ec91e6e0, 0x000001a8ec91cca0, 0x000001a8f0201b30, 0x000001a8f0205640,
0x000001a8f0202ee0, 0x000001a8f0200e10, 0x000001a8f0203570, 0x000001a8f0202850,
0x000001a8f02021c0, 0x000001a8f02069f0, 0x000001a8f02014a0, 0x000001a8f0203c00,
0x000001a8f0204290, 0x000001a8f0204920, 0x000001a8e7653980, 0x000001a8e7651770
}

Java Threads: ( => current thread )
  0x000001a8e71bca00 JavaThread "Reference Handler"          daemon [_thread_blocked, id=8500, stack(0x000000775d200000,0x000000775d300000) (1024K)]
  0x000001a8e71bd910 JavaThread "Finalizer"                  daemon [_thread_blocked, id=8476, stack(0x000000775d300000,0x000000775d400000) (1024K)]
  0x000001a8e71c35f0 JavaThread "Signal Dispatcher"          daemon [_thread_blocked, id=9136, stack(0x000000775d400000,0x000000775d500000) (1024K)]
  0x000001a8e71c42c0 JavaThread "Attach Listener"            daemon [_thread_blocked, id=8436, stack(0x000000775d500000,0x000000775d600000) (1024K)]
  0x000001a8e71c4d10 JavaThread "Service Thread"             daemon [_thread_blocked, id=8452, stack(0x000000775d600000,0x000000775d700000) (1024K)]
  0x000001a8e71c5760 JavaThread "Monitor Deflation Thread"   daemon [_thread_blocked, id=8408, stack(0x000000775d700000,0x000000775d800000) (1024K)]
=>0x000001a8e71c8970 JavaThread "C2 CompilerThread0"         daemon [_thread_in_native, id=8556, stack(0x000000775d800000,0x000000775d900000) (1024K)]
  0x000001a8e71c9010 JavaThread "C1 CompilerThread0"         daemon [_thread_blocked, id=8960, stack(0x000000775d900000,0x000000775da00000) (1024K)]
  0x000001a8e732e760 JavaThread "Notification Thread"        daemon [_thread_blocked, id=8532, stack(0x000000775da00000,0x000000775db00000) (1024K)]
  0x000001a8e733b7c0 JavaThread "Common-Cleaner"             daemon [_thread_blocked, id=1296, stack(0x000000775db00000,0x000000775dc00000) (1024K)]
  0x000001a8e7d59ed0 JavaThread "Catalina-utility-1"                [_thread_blocked, id=2552, stack(0x000000775e800000,0x000000775e900000) (1024K)]
  0x000001a8ee47d320 JavaThread "Catalina-utility-2"                [_thread_blocked, id=4672, stack(0x000000775e900000,0x000000775ea00000) (1024K)]
  0x000001a8ed449ad0 JavaThread "container-0"                       [_thread_blocked, id=10636, stack(0x000000775ea00000,0x000000775eb00000) (1024K)]
  0x000001a8ec91fa90 JavaThread "mysql-cj-abandoned-connection-cleanup" daemon [_thread_blocked, id=7764, stack(0x000000775eb00000,0x000000775ec00000) (1024K)]
  0x000001a8ec91e050 JavaThread "HikariPool-1 housekeeper"   daemon [_thread_blocked, id=6132, stack(0x000000775ed00000,0x000000775ee00000) (1024K)]
  0x000001a8ec91c610 JavaThread "File Watcher"               daemon [_thread_blocked, id=12256, stack(0x000000775ee00000,0x000000775ef00000) (1024K)]
  0x000001a8ec91e6e0 JavaThread "Live Reload Server"         daemon [_thread_in_native, id=11768, stack(0x000000775f000000,0x000000775f100000) (1024K)]
  0x000001a8ec91cca0 JavaThread "http-nio-8021-exec-1"       daemon [_thread_in_native, id=10080, stack(0x000000775ef00000,0x000000775f000000) (1024K)]
  0x000001a8f0201b30 JavaThread "http-nio-8021-exec-2"       daemon [_thread_blocked, id=4560, stack(0x000000775f100000,0x000000775f200000) (1024K)]
  0x000001a8f0205640 JavaThread "http-nio-8021-exec-3"       daemon [_thread_blocked, id=7360, stack(0x000000775f200000,0x000000775f300000) (1024K)]
  0x000001a8f0202ee0 JavaThread "http-nio-8021-exec-4"       daemon [_thread_blocked, id=12012, stack(0x000000775f300000,0x000000775f400000) (1024K)]
  0x000001a8f0200e10 JavaThread "http-nio-8021-exec-5"       daemon [_thread_blocked, id=11956, stack(0x000000775f400000,0x000000775f500000) (1024K)]
  0x000001a8f0203570 JavaThread "http-nio-8021-exec-6"       daemon [_thread_blocked, id=10696, stack(0x000000775f500000,0x000000775f600000) (1024K)]
  0x000001a8f0202850 JavaThread "http-nio-8021-exec-7"       daemon [_thread_blocked, id=12084, stack(0x000000775f600000,0x000000775f700000) (1024K)]
  0x000001a8f02021c0 JavaThread "http-nio-8021-exec-8"       daemon [_thread_blocked, id=10172, stack(0x000000775f700000,0x000000775f800000) (1024K)]
  0x000001a8f02069f0 JavaThread "http-nio-8021-exec-9"       daemon [_thread_blocked, id=10168, stack(0x000000775f800000,0x000000775f900000) (1024K)]
  0x000001a8f02014a0 JavaThread "http-nio-8021-exec-10"      daemon [_thread_blocked, id=11968, stack(0x000000775f900000,0x000000775fa00000) (1024K)]
  0x000001a8f0203c00 JavaThread "http-nio-8021-Poller"       daemon [_thread_in_native, id=6492, stack(0x000000775fa00000,0x000000775fb00000) (1024K)]
  0x000001a8f0204290 JavaThread "http-nio-8021-Acceptor"     daemon [_thread_in_native, id=10764, stack(0x000000775fb00000,0x000000775fc00000) (1024K)]
  0x000001a8f0204920 JavaThread "DestroyJavaVM"                     [_thread_blocked, id=9868, stack(0x000000775ca00000,0x000000775cb00000) (1024K)]
  0x000001a8e7653980 JavaThread "C2 CompilerThread1"         daemon [_thread_in_native, id=11400, stack(0x000000775dd00000,0x000000775de00000) (1024K)]
  0x000001a8e7651770 JavaThread "C2 CompilerThread2"         daemon [_thread_in_vm, id=10020, stack(0x000000775de00000,0x000000775df00000) (1024K)]
Total: 32

Other Threads:
  0x000001a8e71a01e0 VMThread "VM Thread"                           [id=8524, stack(0x000000775d100000,0x000000775d200000) (1024K)]
  0x000001a8e7189050 WatcherThread "VM Periodic Task Thread"        [id=8704, stack(0x000000775d000000,0x000000775d100000) (1024K)]
  0x000001a8cf37d0e0 WorkerThread "GC Thread#0"                     [id=8540, stack(0x000000775cb00000,0x000000775cc00000) (1024K)]
  0x000001a8e7a34110 WorkerThread "GC Thread#1"                     [id=8548, stack(0x000000775df00000,0x000000775e000000) (1024K)]
  0x000001a8e7c82f20 WorkerThread "GC Thread#2"                     [id=9212, stack(0x000000775e000000,0x000000775e100000) (1024K)]
  0x000001a8ec177200 WorkerThread "GC Thread#3"                     [id=6108, stack(0x000000775e100000,0x000000775e200000) (1024K)]
  0x000001a8e7b25e00 WorkerThread "GC Thread#4"                     [id=10784, stack(0x000000775e200000,0x000000775e300000) (1024K)]
  0x000001a8ec24c590 WorkerThread "GC Thread#5"                     [id=7940, stack(0x000000775e300000,0x000000775e400000) (1024K)]
  0x000001a8ec4b9d40 WorkerThread "GC Thread#6"                     [id=8492, stack(0x000000775e500000,0x000000775e600000) (1024K)]
  0x000001a8ec7b0e50 WorkerThread "GC Thread#7"                     [id=10772, stack(0x000000775e600000,0x000000775e700000) (1024K)]
  0x000001a8cf3cc010 ConcurrentGCThread "G1 Main Marker"            [id=8324, stack(0x000000775cc00000,0x000000775cd00000) (1024K)]
  0x000001a8cf3ccb10 WorkerThread "G1 Conc#0"                       [id=8508, stack(0x000000775cd00000,0x000000775ce00000) (1024K)]
  0x000001a8ec6e6690 WorkerThread "G1 Conc#1"                       [id=5220, stack(0x000000775e700000,0x000000775e800000) (1024K)]
  0x000001a8e7057b40 ConcurrentGCThread "G1 Refine#0"               [id=8616, stack(0x000000775ce00000,0x000000775cf00000) (1024K)]
  0x000001a8e70586b0 ConcurrentGCThread "G1 Service"                [id=2908, stack(0x000000775cf00000,0x000000775d000000) (1024K)]
Total: 15

Threads with active compile tasks:
C2 CompilerThread0  27867 6988       4       org.springframework.core.ResolvableType::hasGenerics (14 bytes)
C2 CompilerThread1  27867 6994       4       java.util.BitSet::checkInvariants (111 bytes)
C2 CompilerThread2  27867 6987       4       org.springframework.core.ResolvableType::isInstance (21 bytes)
Total: 3

VM state: not at safepoint (normal execution)

VM Mutex/Monitor currently owned by a thread: None

Heap address: 0x0000000082000000, size: 2016 MB, Compressed Oops mode: 32-bit

CDS archive(s) mapped at: [0x000001a880000000-0x000001a880c80000-0x000001a880c80000), size 13107200, SharedBaseAddress: 0x000001a880000000, ArchiveRelocationMode: 1.
Compressed class space mapped at: 0x000001a881000000-0x000001a8c1000000, reserved size: 1073741824
Narrow klass base: 0x000001a880000000, Narrow klass shift: 0, Narrow klass range: 0x100000000

GC Precious Log:
 CardTable entry size: 512
 Card Set container configuration: InlinePtr #cards 5 size 8 Array Of Cards #cards 12 size 40 Howl #buckets 4 coarsen threshold 1843 Howl Bitmap #cards 512 size 80 coarsen threshold 460 Card regions per heap region 1 cards per card region 2048
 CPUs: 8 total, 8 available
 Memory: 8058M
 Large Page Support: Disabled
 NUMA Support: Disabled
 Compressed Oops: Enabled (32-bit)
 Heap Region Size: 1M
 Heap Min Capacity: 8M
 Heap Initial Capacity: 126M
 Heap Max Capacity: 2016M
 Pre-touch: Disabled
 Parallel Workers: 8
 Concurrent Workers: 2
 Concurrent Refinement Workers: 8
 Periodic GC: Disabled

Heap:
 garbage-first heap   total 59392K, used 47738K [0x0000000082000000, 0x0000000100000000)
  region size 1024K, 20 young (20480K), 3 survivors (3072K)
 Metaspace       used 73238K, committed 73920K, reserved 1114112K
  class space    used 9788K, committed 10112K, reserved 1048576K

Heap Regions: E=young(eden), S=young(survivor), O=old, HS=humongous(starts), HC=humongous(continues), CS=collection set, F=free, TAMS=top-at-mark-start, PB=parsable bottom
|   0|0x0000000082000000, 0x0000000082100000, 0x0000000082100000|100%|HS|  |TAMS 0x0000000082000000| PB 0x0000000082000000| Complete 
|   1|0x0000000082100000, 0x0000000082200000, 0x0000000082200000|100%| O|  |TAMS 0x0000000082100000| PB 0x0000000082100000| Untracked 
|   2|0x0000000082200000, 0x0000000082300000, 0x0000000082300000|100%| O|  |TAMS 0x0000000082200000| PB 0x0000000082200000| Untracked 
|   3|0x0000000082300000, 0x0000000082400000, 0x0000000082400000|100%| O|  |TAMS 0x0000000082300000| PB 0x0000000082300000| Untracked 
|   4|0x0000000082400000, 0x0000000082500000, 0x0000000082500000|100%| O|  |TAMS 0x0000000082400000| PB 0x0000000082400000| Untracked 
|   5|0x0000000082500000, 0x0000000082600000, 0x0000000082600000|100%| O|  |TAMS 0x0000000082500000| PB 0x0000000082500000| Untracked 
|   6|0x0000000082600000, 0x0000000082700000, 0x0000000082700000|100%| O|  |TAMS 0x0000000082600000| PB 0x0000000082600000| Untracked 
|   7|0x0000000082700000, 0x0000000082800000, 0x0000000082800000|100%| O|  |TAMS 0x0000000082700000| PB 0x0000000082700000| Untracked 
|   8|0x0000000082800000, 0x0000000082900000, 0x0000000082900000|100%| O|  |TAMS 0x0000000082800000| PB 0x0000000082800000| Untracked 
|   9|0x0000000082900000, 0x0000000082a00000, 0x0000000082a00000|100%| O|  |TAMS 0x0000000082900000| PB 0x0000000082900000| Untracked 
|  10|0x0000000082a00000, 0x0000000082b00000, 0x0000000082b00000|100%| O|  |TAMS 0x0000000082a00000| PB 0x0000000082a00000| Untracked 
|  11|0x0000000082b00000, 0x0000000082c00000, 0x0000000082c00000|100%| O|  |TAMS 0x0000000082b00000| PB 0x0000000082b00000| Untracked 
|  12|0x0000000082c00000, 0x0000000082d00000, 0x0000000082d00000|100%| O|  |TAMS 0x0000000082c00000| PB 0x0000000082c00000| Untracked 
|  13|0x0000000082d00000, 0x0000000082e00000, 0x0000000082e00000|100%| O|  |TAMS 0x0000000082d00000| PB 0x0000000082d00000| Untracked 
|  14|0x0000000082e00000, 0x0000000082f00000, 0x0000000082f00000|100%| O|  |TAMS 0x0000000082e00000| PB 0x0000000082e00000| Untracked 
|  15|0x0000000082f00000, 0x0000000083000000, 0x0000000083000000|100%| O|  |TAMS 0x0000000082f00000| PB 0x0000000082f00000| Untracked 
|  16|0x0000000083000000, 0x0000000083100000, 0x0000000083100000|100%| O|  |TAMS 0x0000000083000000| PB 0x0000000083000000| Untracked 
|  17|0x0000000083100000, 0x0000000083200000, 0x0000000083200000|100%| O|  |TAMS 0x0000000083100000| PB 0x0000000083100000| Untracked 
|  18|0x0000000083200000, 0x0000000083300000, 0x0000000083300000|100%| O|  |TAMS 0x0000000083200000| PB 0x0000000083200000| Untracked 
|  19|0x0000000083300000, 0x0000000083400000, 0x0000000083400000|100%| O|  |TAMS 0x0000000083300000| PB 0x0000000083300000| Untracked 
|  20|0x0000000083400000, 0x0000000083500000, 0x0000000083500000|100%| O|  |TAMS 0x0000000083400000| PB 0x0000000083400000| Untracked 
|  21|0x0000000083500000, 0x0000000083600000, 0x0000000083600000|100%| O|  |TAMS 0x0000000083500000| PB 0x0000000083500000| Untracked 
|  22|0x0000000083600000, 0x0000000083613220, 0x0000000083700000|  7%| O|  |TAMS 0x0000000083600000| PB 0x0000000083600000| Untracked 
|  23|0x0000000083700000, 0x0000000083800000, 0x0000000083800000|100%| O|  |TAMS 0x0000000083700000| PB 0x0000000083700000| Untracked 
|  24|0x0000000083800000, 0x0000000083900000, 0x0000000083900000|100%| O|Cm|TAMS 0x0000000083800000| PB 0x0000000083800000| Complete 
|  25|0x0000000083900000, 0x0000000083900000, 0x0000000083a00000|  0%| F|  |TAMS 0x0000000083900000| PB 0x0000000083900000| Untracked 
|  26|0x0000000083a00000, 0x0000000083a00000, 0x0000000083b00000|  0%| F|  |TAMS 0x0000000083a00000| PB 0x0000000083a00000| Untracked 
|  27|0x0000000083b00000, 0x0000000083b8b5e8, 0x0000000083c00000| 54%| S|CS|TAMS 0x0000000083b00000| PB 0x0000000083b00000| Complete 
|  28|0x0000000083c00000, 0x0000000083d00000, 0x0000000083d00000|100%| O|  |TAMS 0x0000000083c00000| PB 0x0000000083c00000| Untracked 
|  29|0x0000000083d00000, 0x0000000083e00000, 0x0000000083e00000|100%| O|  |TAMS 0x0000000083d00000| PB 0x0000000083d00000| Untracked 
|  30|0x0000000083e00000, 0x0000000083f00000, 0x0000000083f00000|100%| O|  |TAMS 0x0000000083e00000| PB 0x0000000083e00000| Untracked 
|  31|0x0000000083f00000, 0x0000000083f00000, 0x0000000084000000|  0%| F|  |TAMS 0x0000000083f00000| PB 0x0000000083f00000| Untracked 
|  32|0x0000000084000000, 0x0000000084000000, 0x0000000084100000|  0%| F|  |TAMS 0x0000000084000000| PB 0x0000000084000000| Untracked 
|  33|0x0000000084100000, 0x0000000084100000, 0x0000000084200000|  0%| F|  |TAMS 0x0000000084100000| PB 0x0000000084100000| Untracked 
|  34|0x0000000084200000, 0x0000000084300000, 0x0000000084300000|100%| S|CS|TAMS 0x0000000084200000| PB 0x0000000084200000| Complete 
|  35|0x0000000084300000, 0x0000000084400000, 0x0000000084400000|100%| S|CS|TAMS 0x0000000084300000| PB 0x0000000084300000| Complete 
|  36|0x0000000084400000, 0x0000000084400000, 0x0000000084500000|  0%| F|  |TAMS 0x0000000084400000| PB 0x0000000084400000| Untracked 
|  37|0x0000000084500000, 0x0000000084500000, 0x0000000084600000|  0%| F|  |TAMS 0x0000000084500000| PB 0x0000000084500000| Untracked 
|  38|0x0000000084600000, 0x0000000084600000, 0x0000000084700000|  0%| F|  |TAMS 0x0000000084600000| PB 0x0000000084600000| Untracked 
|  39|0x0000000084700000, 0x000000008471e290, 0x0000000084800000| 11%| E|  |TAMS 0x0000000084700000| PB 0x0000000084700000| Complete 
|  40|0x0000000084800000, 0x0000000084900000, 0x0000000084900000|100%| E|CS|TAMS 0x0000000084800000| PB 0x0000000084800000| Complete 
|  41|0x0000000084900000, 0x0000000084a00000, 0x0000000084a00000|100%| E|CS|TAMS 0x0000000084900000| PB 0x0000000084900000| Complete 
|  42|0x0000000084a00000, 0x0000000084b00000, 0x0000000084b00000|100%| E|CS|TAMS 0x0000000084a00000| PB 0x0000000084a00000| Complete 
|  43|0x0000000084b00000, 0x0000000084c00000, 0x0000000084c00000|100%| E|  |TAMS 0x0000000084b00000| PB 0x0000000084b00000| Complete 
|  44|0x0000000084c00000, 0x0000000084d00000, 0x0000000084d00000|100%| E|CS|TAMS 0x0000000084c00000| PB 0x0000000084c00000| Complete 
|  45|0x0000000084d00000, 0x0000000084e00000, 0x0000000084e00000|100%| E|CS|TAMS 0x0000000084d00000| PB 0x0000000084d00000| Complete 
|  46|0x0000000084e00000, 0x0000000084f00000, 0x0000000084f00000|100%| E|CS|TAMS 0x0000000084e00000| PB 0x0000000084e00000| Complete 
|  70|0x0000000086600000, 0x0000000086700000, 0x0000000086700000|100%| E|CS|TAMS 0x0000000086600000| PB 0x0000000086600000| Complete 
|  71|0x0000000086700000, 0x0000000086800000, 0x0000000086800000|100%| E|CS|TAMS 0x0000000086700000| PB 0x0000000086700000| Complete 
|  72|0x0000000086800000, 0x0000000086900000, 0x0000000086900000|100%| E|CS|TAMS 0x0000000086800000| PB 0x0000000086800000| Complete 
|  73|0x0000000086900000, 0x0000000086a00000, 0x0000000086a00000|100%| E|CS|TAMS 0x0000000086900000| PB 0x0000000086900000| Complete 
|  74|0x0000000086a00000, 0x0000000086b00000, 0x0000000086b00000|100%| E|CS|TAMS 0x0000000086a00000| PB 0x0000000086a00000| Complete 
|  75|0x0000000086b00000, 0x0000000086c00000, 0x0000000086c00000|100%| E|CS|TAMS 0x0000000086b00000| PB 0x0000000086b00000| Complete 
|  76|0x0000000086c00000, 0x0000000086d00000, 0x0000000086d00000|100%| E|CS|TAMS 0x0000000086c00000| PB 0x0000000086c00000| Complete 
| 125|0x0000000089d00000, 0x0000000089e00000, 0x0000000089e00000|100%| E|CS|TAMS 0x0000000089d00000| PB 0x0000000089d00000| Complete 
|2013|0x00000000ffd00000, 0x00000000ffe00000, 0x00000000ffe00000|100%| E|CS|TAMS 0x00000000ffd00000| PB 0x00000000ffd00000| Complete 
|2014|0x00000000ffe00000, 0x00000000fff00000, 0x00000000fff00000|100%| O|  |TAMS 0x00000000ffe00000| PB 0x00000000ffe00000| Untracked 
|2015|0x00000000fff00000, 0x0000000100000000, 0x0000000100000000|100%| O|  |TAMS 0x00000000fff00000| PB 0x00000000fff00000| Untracked 

Card table byte_map: [0x000001a8e23f0000,0x000001a8e27e0000] _byte_map_base: 0x000001a8e1fe0000

Marking Bits: (CMBitMap*) 0x000001a8cf37d7e0
 Bits: [0x000001a8e27e0000, 0x000001a8e4760000)

Polling page: 0x000001a8cd0c0000

Metaspace:

Usage:
  Non-class:     61.96 MB used.
      Class:      9.56 MB used.
       Both:     71.52 MB used.

Virtual space:
  Non-class space:       64.00 MB reserved,      62.31 MB ( 97%) committed,  1 nodes.
      Class space:        1.00 GB reserved,       9.88 MB ( <1%) committed,  1 nodes.
             Both:        1.06 GB reserved,      72.19 MB (  7%) committed. 

Chunk freelists:
   Non-Class:  1.58 MB
       Class:  6.12 MB
        Both:  7.70 MB

MaxMetaspaceSize: unlimited
CompressedClassSpaceSize: 1.00 GB
Initial GC threshold: 21.00 MB
Current GC threshold: 116.38 MB
CDS: on
 - commit_granule_bytes: 65536.
 - commit_granule_words: 8192.
 - virtual_space_node_default_size: 8388608.
 - enlarge_chunks_in_place: 1.
 - use_allocation_guard: 0.


Internal statistics:

num_allocs_failed_limit: 9.
num_arena_births: 988.
num_arena_deaths: 0.
num_vsnodes_births: 2.
num_vsnodes_deaths: 0.
num_space_committed: 1155.
num_space_uncommitted: 0.
num_chunks_returned_to_freelist: 9.
num_chunks_taken_from_freelist: 3512.
num_chunk_merges: 6.
num_chunk_splits: 2499.
num_chunks_enlarged: 1916.
num_inconsistent_stats: 0.

CodeHeap 'non-profiled nmethods': size=120000Kb used=4448Kb max_used=4448Kb free=115551Kb
 bounds [0x000001a8da790000, 0x000001a8dac00000, 0x000001a8e1cc0000]
CodeHeap 'profiled nmethods': size=120000Kb used=11876Kb max_used=12071Kb free=108123Kb
 bounds [0x000001a8d2cc0000, 0x000001a8d3890000, 0x000001a8da1f0000]
CodeHeap 'non-nmethods': size=5760Kb used=1732Kb max_used=1809Kb free=4027Kb
 bounds [0x000001a8da1f0000, 0x000001a8da460000, 0x000001a8da790000]
 total_blobs=6741 nmethods=5991 adapters=653
 compilation: enabled
              stopped_count=0, restarted_count=0
 full_count=0

Compilation events (20 events):
Event: 24.447 Thread 0x000001a8e71c9010 nmethod 6974 0x000001a8d2e46310 code [0x000001a8d2e46660, 0x000001a8d2e47908]
Event: 27.289 Thread 0x000001a8e71c9010 6975       3       jdk.internal.misc.Unsafe::getAndAddLong (27 bytes)
Event: 27.290 Thread 0x000001a8e71c9010 nmethod 6975 0x000001a8d306b610 code [0x000001a8d306b7c0, 0x000001a8d306ba00]
Event: 27.519 Thread 0x000001a8e71c9010 6982       3       java.nio.HeapByteBuffer::put (17 bytes)
Event: 27.519 Thread 0x000001a8e71c8970 6984       4       java.nio.Buffer::checkIndex (12 bytes)
Event: 27.520 Thread 0x000001a8e71c9010 nmethod 6982 0x000001a8d30b0c10 code [0x000001a8d30b0dc0, 0x000001a8d30b1010]
Event: 27.520 Thread 0x000001a8e71c9010 6983   !   3       org.apache.tomcat.util.http.parser.HttpParser::isControl (9 bytes)
Event: 27.520 Thread 0x000001a8e71c9010 nmethod 6983 0x000001a8d2dd5d90 code [0x000001a8d2dd5f40, 0x000001a8d2dd60b0]
Event: 27.521 Thread 0x000001a8e71c8970 nmethod 6984 0x000001a8da947c90 code [0x000001a8da947e20, 0x000001a8da947ef0]
Event: 27.620 Thread 0x000001a8e71c8970 6985 %     4       java.util.Properties$LineReader::readLine @ 293 (584 bytes)
Event: 27.636 Thread 0x000001a8e71c9010 6986       3       org.springframework.core.OrderComparator::getOrder (111 bytes)
Event: 27.637 Thread 0x000001a8e71c9010 nmethod 6986 0x000001a8d2e3ad90 code [0x000001a8d2e3afc0, 0x000001a8d2e3b748]
Event: 27.650 Thread 0x000001a8e71c9010 6989       1       org.apache.tomcat.util.http.MimeHeaderField::getName (5 bytes)
Event: 27.650 Thread 0x000001a8e71c9010 nmethod 6989 0x000001a8da947990 code [0x000001a8da947b20, 0x000001a8da947be8]
Event: 27.696 Thread 0x000001a8e71c8970 nmethod 6985% 0x000001a8da9a6f90 code [0x000001a8da9a7280, 0x000001a8da9a8b58]
Event: 27.696 Thread 0x000001a8e71c8970 6988       4       org.springframework.core.ResolvableType::hasGenerics (14 bytes)
Event: 27.711 Thread 0x000001a8e71c9010 6990       3       java.util.ArrayList::indexOfRange (71 bytes)
Event: 27.711 Thread 0x000001a8e71c9010 nmethod 6990 0x000001a8d3010510 code [0x000001a8d3010700, 0x000001a8d3010b90]
Event: 27.711 Thread 0x000001a8e71c9010 6991       3       java.util.Collections::unmodifiableList (51 bytes)
Event: 27.712 Thread 0x000001a8e71c9010 nmethod 6991 0x000001a8d32a1b90 code [0x000001a8d32a1de0, 0x000001a8d32a2918]

GC Heap History (20 events):
Event: 5.688 GC heap before
{Heap before GC invocations=4 (full 0):
 garbage-first heap   total 48128K, used 47759K [0x0000000082000000, 0x0000000100000000)
  region size 1024K, 40 young (40960K), 7 survivors (7168K)
 Metaspace       used 27586K, committed 28096K, reserved 1114112K
  class space    used 3430K, committed 3648K, reserved 1048576K
}
Event: 5.702 GC heap after
{Heap after GC invocations=5 (full 0):
 garbage-first heap   total 59392K, used 17720K [0x0000000082000000, 0x0000000100000000)
  region size 1024K, 8 young (8192K), 8 survivors (8192K)
 Metaspace       used 27586K, committed 28096K, reserved 1114112K
  class space    used 3430K, committed 3648K, reserved 1048576K
}
Event: 6.671 GC heap before
{Heap before GC invocations=5 (full 0):
 garbage-first heap   total 59392K, used 44344K [0x0000000082000000, 0x0000000100000000)
  region size 1024K, 34 young (34816K), 8 survivors (8192K)
 Metaspace       used 31571K, committed 32128K, reserved 1114112K
  class space    used 3826K, committed 4096K, reserved 1048576K
}
Event: 6.681 GC heap after
{Heap after GC invocations=6 (full 0):
 garbage-first heap   total 59392K, used 19575K [0x0000000082000000, 0x0000000100000000)
  region size 1024K, 3 young (3072K), 3 survivors (3072K)
 Metaspace       used 31571K, committed 32128K, reserved 1114112K
  class space    used 3826K, committed 4096K, reserved 1048576K
}
Event: 7.563 GC heap before
{Heap before GC invocations=6 (full 0):
 garbage-first heap   total 59392K, used 39031K [0x0000000082000000, 0x0000000100000000)
  region size 1024K, 23 young (23552K), 3 survivors (3072K)
 Metaspace       used 35572K, committed 36096K, reserved 1114112K
  class space    used 4381K, committed 4608K, reserved 1048576K
}
Event: 7.567 GC heap after
{Heap after GC invocations=7 (full 0):
 garbage-first heap   total 59392K, used 20269K [0x0000000082000000, 0x0000000100000000)
  region size 1024K, 3 young (3072K), 3 survivors (3072K)
 Metaspace       used 35572K, committed 36096K, reserved 1114112K
  class space    used 4381K, committed 4608K, reserved 1048576K
}
Event: 9.232 GC heap before
{Heap before GC invocations=8 (full 0):
 garbage-first heap   total 59392K, used 48941K [0x0000000082000000, 0x0000000100000000)
  region size 1024K, 32 young (32768K), 3 survivors (3072K)
 Metaspace       used 46170K, committed 46720K, reserved 1114112K
  class space    used 5772K, committed 6016K, reserved 1048576K
}
Event: 9.238 GC heap after
{Heap after GC invocations=9 (full 0):
 garbage-first heap   total 59392K, used 23035K [0x0000000082000000, 0x0000000100000000)
  region size 1024K, 4 young (4096K), 4 survivors (4096K)
 Metaspace       used 46170K, committed 46720K, reserved 1114112K
  class space    used 5772K, committed 6016K, reserved 1048576K
}
Event: 10.153 GC heap before
{Heap before GC invocations=9 (full 0):
 garbage-first heap   total 59392K, used 48635K [0x0000000082000000, 0x0000000100000000)
  region size 1024K, 30 young (30720K), 4 survivors (4096K)
 Metaspace       used 53127K, committed 53696K, reserved 1114112K
  class space    used 6734K, committed 6976K, reserved 1048576K
}
Event: 10.162 GC heap after
{Heap after GC invocations=10 (full 0):
 garbage-first heap   total 59392K, used 24961K [0x0000000082000000, 0x0000000100000000)
  region size 1024K, 2 young (2048K), 2 survivors (2048K)
 Metaspace       used 53127K, committed 53696K, reserved 1114112K
  class space    used 6734K, committed 6976K, reserved 1048576K
}
Event: 11.180 GC heap before
{Heap before GC invocations=10 (full 0):
 garbage-first heap   total 59392K, used 49537K [0x0000000082000000, 0x0000000100000000)
  region size 1024K, 27 young (27648K), 2 survivors (2048K)
 Metaspace       used 59440K, committed 60160K, reserved 1114112K
  class space    used 7732K, committed 8064K, reserved 1048576K
}
Event: 11.184 GC heap after
{Heap after GC invocations=11 (full 0):
 garbage-first heap   total 59392K, used 25757K [0x0000000082000000, 0x0000000100000000)
  region size 1024K, 3 young (3072K), 3 survivors (3072K)
 Metaspace       used 59440K, committed 60160K, reserved 1114112K
  class space    used 7732K, committed 8064K, reserved 1048576K
}
Event: 11.329 GC heap before
{Heap before GC invocations=11 (full 0):
 garbage-first heap   total 59392K, used 26781K [0x0000000082000000, 0x0000000100000000)
  region size 1024K, 5 young (5120K), 3 survivors (3072K)
 Metaspace       used 59943K, committed 60608K, reserved 1114112K
  class space    used 7793K, committed 8128K, reserved 1048576K
}
Event: 11.334 GC heap after
{Heap after GC invocations=12 (full 0):
 garbage-first heap   total 59392K, used 25961K [0x0000000082000000, 0x0000000100000000)
  region size 1024K, 2 young (2048K), 2 survivors (2048K)
 Metaspace       used 59943K, committed 60608K, reserved 1114112K
  class space    used 7793K, committed 8128K, reserved 1048576K
}
Event: 12.685 GC heap before
{Heap before GC invocations=13 (full 0):
 garbage-first heap   total 59392K, used 51561K [0x0000000082000000, 0x0000000100000000)
  region size 1024K, 28 young (28672K), 2 survivors (2048K)
 Metaspace       used 64998K, committed 65664K, reserved 1114112K
  class space    used 8585K, committed 8896K, reserved 1048576K
}
Event: 12.692 GC heap after
{Heap after GC invocations=14 (full 0):
 garbage-first heap   total 59392K, used 28512K [0x0000000082000000, 0x0000000100000000)
  region size 1024K, 4 young (4096K), 4 survivors (4096K)
 Metaspace       used 64998K, committed 65664K, reserved 1114112K
  class space    used 8585K, committed 8896K, reserved 1048576K
}
Event: 13.444 GC heap before
{Heap before GC invocations=14 (full 0):
 garbage-first heap   total 59392K, used 50016K [0x0000000082000000, 0x0000000100000000)
  region size 1024K, 26 young (26624K), 4 survivors (4096K)
 Metaspace       used 68239K, committed 68864K, reserved 1114112K
  class space    used 9114K, committed 9408K, reserved 1048576K
}
Event: 13.451 GC heap after
{Heap after GC invocations=15 (full 0):
 garbage-first heap   total 59392K, used 29852K [0x0000000082000000, 0x0000000100000000)
  region size 1024K, 3 young (3072K), 3 survivors (3072K)
 Metaspace       used 68239K, committed 68864K, reserved 1114112K
  class space    used 9114K, committed 9408K, reserved 1048576K
}
Event: 14.260 GC heap before
{Heap before GC invocations=15 (full 0):
 garbage-first heap   total 59392K, used 50332K [0x0000000082000000, 0x0000000100000000)
  region size 1024K, 23 young (23552K), 3 survivors (3072K)
 Metaspace       used 70779K, committed 71488K, reserved 1114112K
  class space    used 9459K, committed 9792K, reserved 1048576K
}
Event: 14.266 GC heap after
{Heap after GC invocations=16 (full 0):
 garbage-first heap   total 59392K, used 32378K [0x0000000082000000, 0x0000000100000000)
  region size 1024K, 3 young (3072K), 3 survivors (3072K)
 Metaspace       used 70779K, committed 71488K, reserved 1114112K
  class space    used 9459K, committed 9792K, reserved 1048576K
}

Dll operation events (11 events):
Event: 0.010 Loaded shared library C:\Users\DEEPU\.p2\pool\plugins\org.eclipse.justj.openjdk.hotspot.jre.full.win32.x86_64_21.0.6.v20250130-0529\jre\bin\java.dll
Event: 0.060 Loaded shared library C:\Users\DEEPU\.p2\pool\plugins\org.eclipse.justj.openjdk.hotspot.jre.full.win32.x86_64_21.0.6.v20250130-0529\jre\bin\zip.dll
Event: 0.227 Loaded shared library C:\Users\DEEPU\.p2\pool\plugins\org.eclipse.justj.openjdk.hotspot.jre.full.win32.x86_64_21.0.6.v20250130-0529\jre\bin\net.dll
Event: 0.232 Loaded shared library C:\Users\DEEPU\.p2\pool\plugins\org.eclipse.justj.openjdk.hotspot.jre.full.win32.x86_64_21.0.6.v20250130-0529\jre\bin\nio.dll
Event: 0.237 Loaded shared library C:\Users\DEEPU\.p2\pool\plugins\org.eclipse.justj.openjdk.hotspot.jre.full.win32.x86_64_21.0.6.v20250130-0529\jre\bin\zip.dll
Event: 0.391 Loaded shared library C:\Users\DEEPU\.p2\pool\plugins\org.eclipse.justj.openjdk.hotspot.jre.full.win32.x86_64_21.0.6.v20250130-0529\jre\bin\jimage.dll
Event: 0.889 Loaded shared library C:\Users\DEEPU\.p2\pool\plugins\org.eclipse.justj.openjdk.hotspot.jre.full.win32.x86_64_21.0.6.v20250130-0529\jre\bin\management.dll
Event: 0.893 Loaded shared library C:\Users\DEEPU\.p2\pool\plugins\org.eclipse.justj.openjdk.hotspot.jre.full.win32.x86_64_21.0.6.v20250130-0529\jre\bin\management_ext.dll
Event: 2.366 Loaded shared library C:\Users\DEEPU\.p2\pool\plugins\org.eclipse.justj.openjdk.hotspot.jre.full.win32.x86_64_21.0.6.v20250130-0529\jre\bin\sunmscapi.dll
Event: 7.710 Loaded shared library C:\Users\DEEPU\.p2\pool\plugins\org.eclipse.justj.openjdk.hotspot.jre.full.win32.x86_64_21.0.6.v20250130-0529\jre\bin\verify.dll
Event: 8.295 Loaded shared library C:\Users\DEEPU\.p2\pool\plugins\org.eclipse.justj.openjdk.hotspot.jre.full.win32.x86_64_21.0.6.v20250130-0529\jre\bin\extnet.dll

Deoptimization events (20 events):
Event: 14.546 Thread 0x000001a8e79aecf0 Uncommon trap: trap_request=0xffffffde fr.pc=0x000001a8dab88a40 relative=0x0000000000002460
Event: 14.546 Thread 0x000001a8e79aecf0 Uncommon trap: reason=class_check action=maybe_recompile pc=0x000001a8dab88a40 method=org.springframework.core.annotation.AnnotationsScanner.processClassInheritedAnnotations(Ljava/lang/Object;Ljava/lang/Class;Lorg/springframework/core/annotation/Annotatio
Event: 14.546 Thread 0x000001a8e79aecf0 DEOPT PACKING pc=0x000001a8dab88a40 sp=0x000000775defe970
Event: 14.546 Thread 0x000001a8e79aecf0 DEOPT UNPACKING pc=0x000001a8da2446a2 sp=0x000000775defe7c0 mode 2
Event: 14.547 Thread 0x000001a8e79aecf0 Uncommon trap: trap_request=0xffffffde fr.pc=0x000001a8dabb1f08 relative=0x0000000000003908
Event: 14.547 Thread 0x000001a8e79aecf0 Uncommon trap: reason=class_check action=maybe_recompile pc=0x000001a8dabb1f08 method=org.springframework.core.annotation.AnnotationsScanner.processClassInheritedAnnotations(Ljava/lang/Object;Ljava/lang/Class;Lorg/springframework/core/annotation/Annotatio
Event: 14.547 Thread 0x000001a8e79aecf0 DEOPT PACKING pc=0x000001a8dabb1f08 sp=0x000000775defe890
Event: 14.547 Thread 0x000001a8e79aecf0 DEOPT UNPACKING pc=0x000001a8da2446a2 sp=0x000000775defe7b0 mode 2
Event: 14.557 Thread 0x000001a8e79aecf0 Uncommon trap: trap_request=0xffffff45 fr.pc=0x000001a8da809a10 relative=0x0000000000000070
Event: 14.558 Thread 0x000001a8e79aecf0 Uncommon trap: reason=unstable_if action=reinterpret pc=0x000001a8da809a10 method=org.springframework.util.ConcurrentReferenceHashMap$Segment.clear()V @ 7 c2
Event: 14.558 Thread 0x000001a8e79aecf0 DEOPT PACKING pc=0x000001a8da809a10 sp=0x000000775defed00
Event: 14.558 Thread 0x000001a8e79aecf0 DEOPT UNPACKING pc=0x000001a8da2446a2 sp=0x000000775defec90 mode 2
Event: 14.562 Thread 0x000001a8e79aecf0 Uncommon trap: trap_request=0xffffff45 fr.pc=0x000001a8da82abd0 relative=0x0000000000000110
Event: 14.562 Thread 0x000001a8e79aecf0 Uncommon trap: reason=unstable_if action=reinterpret pc=0x000001a8da82abd0 method=java.lang.ref.ReferenceQueue.poll()Ljava/lang/ref/Reference; @ 4 c2
Event: 14.562 Thread 0x000001a8e79aecf0 DEOPT PACKING pc=0x000001a8da82abd0 sp=0x000000775defea20
Event: 14.562 Thread 0x000001a8e79aecf0 DEOPT UNPACKING pc=0x000001a8da2446a2 sp=0x000000775defe8e8 mode 2
Event: 14.658 Thread 0x000001a8e79aecf0 Uncommon trap: trap_request=0xffffff45 fr.pc=0x000001a8daa75044 relative=0x0000000000000124
Event: 14.658 Thread 0x000001a8e79aecf0 Uncommon trap: reason=unstable_if action=reinterpret pc=0x000001a8daa75044 method=java.util.ArrayList.indexOfRange(Ljava/lang/Object;II)I @ 7 c2
Event: 14.659 Thread 0x000001a8e79aecf0 DEOPT PACKING pc=0x000001a8daa75044 sp=0x000000775defe740
Event: 14.659 Thread 0x000001a8e79aecf0 DEOPT UNPACKING pc=0x000001a8da2446a2 sp=0x000000775defe6c0 mode 2

Classes loaded (20 events):
Event: 27.289 Loading class sun/nio/ch/SocketAdaptor
Event: 27.290 Loading class sun/nio/ch/SocketAdaptor done
Event: 27.290 Loading class sun/nio/ch/SocketChannelImpl$DefaultOptionsHolder
Event: 27.290 Loading class sun/nio/ch/SocketChannelImpl$DefaultOptionsHolder done
Event: 27.291 Loading class sun/nio/ch/SelectionKeyImpl
Event: 27.291 Loading class java/nio/channels/spi/AbstractSelectionKey
Event: 27.292 Loading class java/nio/channels/SelectionKey
Event: 27.292 Loading class java/nio/channels/SelectionKey done
Event: 27.292 Loading class java/nio/channels/spi/AbstractSelectionKey done
Event: 27.292 Loading class sun/nio/ch/SelectionKeyImpl done
Event: 27.292 Loading class java/lang/invoke/ConstantBootstraps
Event: 27.292 Loading class java/lang/invoke/ConstantBootstraps done
Event: 27.522 Loading class sun/nio/cs/ThreadLocalCoders
Event: 27.523 Loading class sun/nio/cs/ThreadLocalCoders done
Event: 27.523 Loading class sun/nio/cs/ThreadLocalCoders$1
Event: 27.523 Loading class sun/nio/cs/ThreadLocalCoders$Cache
Event: 27.523 Loading class sun/nio/cs/ThreadLocalCoders$Cache done
Event: 27.523 Loading class sun/nio/cs/ThreadLocalCoders$1 done
Event: 27.523 Loading class sun/nio/cs/ThreadLocalCoders$2
Event: 27.523 Loading class sun/nio/cs/ThreadLocalCoders$2 done

Classes unloaded (0 events):
No events

Classes redefined (0 events):
No events

Internal exceptions (20 events):
Event: 11.454 Thread 0x000001a8e79aecf0 Implicit null exception at 0x000001a8daaed797 to 0x000001a8daaeda10
Event: 11.476 Thread 0x000001a8e79aecf0 Implicit null exception at 0x000001a8daad4ee0 to 0x000001a8daad53e8
Event: 11.476 Thread 0x000001a8e79aecf0 Implicit null exception at 0x000001a8daad4440 to 0x000001a8daad4478
Event: 11.545 Thread 0x000001a8e79aecf0 Exception <a 'java/lang/IncompatibleClassChangeError'{0x000000008689e0f0}: Found class java.lang.Object, but interface was expected> (0x000000008689e0f0) 
thrown [s\src\hotspot\share\interpreter\linkResolver.cpp, line 840]
Event: 11.595 Thread 0x000001a8e79aecf0 Exception <a 'java/lang/IncompatibleClassChangeError'{0x00000000867109c0}: Found class java.lang.Object, but interface was expected> (0x00000000867109c0) 
thrown [s\src\hotspot\share\interpreter\linkResolver.cpp, line 840]
Event: 11.660 Thread 0x000001a8e79aecf0 Exception <a 'java/lang/IncompatibleClassChangeError'{0x000000008667cc48}: Found class java.lang.Object, but interface was expected> (0x000000008667cc48) 
thrown [s\src\hotspot\share\interpreter\linkResolver.cpp, line 840]
Event: 11.926 Thread 0x000001a8e79aecf0 Exception <a 'java/lang/IncompatibleClassChangeError'{0x00000000849d1f98}: Found class java.lang.Object, but interface was expected> (0x00000000849d1f98) 
thrown [s\src\hotspot\share\interpreter\linkResolver.cpp, line 840]
Event: 12.071 Thread 0x000001a8e79aecf0 Exception <a 'java/lang/IncompatibleClassChangeError'{0x00000000846a0f18}: Found class java.lang.Object, but interface was expected> (0x00000000846a0f18) 
thrown [s\src\hotspot\share\interpreter\linkResolver.cpp, line 840]
Event: 13.297 Thread 0x000001a8e79aecf0 Implicit null exception at 0x000001a8da8d9a44 to 0x000001a8da8d9bc0
Event: 13.547 Thread 0x000001a8e79aecf0 Exception <a 'java/io/FileNotFoundException'{0x0000000089dbbe10}> (0x0000000089dbbe10) 
thrown [s\src\hotspot\share\prims\jni.cpp, line 520]
Event: 13.548 Thread 0x000001a8e79aecf0 Exception <a 'java/io/FileNotFoundException'{0x0000000089dc5e20}> (0x0000000089dc5e20) 
thrown [s\src\hotspot\share\prims\jni.cpp, line 520]
Event: 13.653 Thread 0x000001a8e79aecf0 Exception <a 'java/lang/NoSuchMethodError'{0x0000000086a56fb0}: 'java.lang.Object java.lang.invoke.DirectMethodHandle$Holder.newInvokeSpecial(java.lang.Object, java.lang.Object, java.lang.Object, java.lang.Object, java.lang.Object, java.lang.Object, java.lang.Object, java.lang.Object)'> (0x0000000086a56fb0) 
thrown [s\src\hotspot\share\interpreter\linkResolver.cpp, line 773]
Event: 14.058 Thread 0x000001a8e79aecf0 Exception <a 'java/lang/IncompatibleClassChangeError'{0x00000000849ae560}: Found class java.lang.Object, but interface was expected> (0x00000000849ae560) 
thrown [s\src\hotspot\share\interpreter\linkResolver.cpp, line 840]
Event: 14.127 Thread 0x000001a8e79aecf0 Exception <a 'java/lang/NoSuchMethodError'{0x0000000084752a68}: 'void java.lang.invoke.DirectMethodHandle$Holder.invokeVirtual(java.lang.Object, java.lang.Object, long)'> (0x0000000084752a68) 
thrown [s\src\hotspot\share\interpreter\linkResolver.cpp, line 773]
Event: 14.232 Thread 0x000001a8e79aecf0 Exception <a 'java/lang/NoSuchMethodError'{0x0000000084469e30}: 'int java.lang.invoke.DirectMethodHandle$Holder.invokeStaticInit(java.lang.Object, java.lang.Object, java.lang.Object, java.lang.Object)'> (0x0000000084469e30) 
thrown [s\src\hotspot\share\interpreter\linkResolver.cpp, line 773]
Event: 14.245 Thread 0x000001a8e79aecf0 Implicit null exception at 0x000001a8da9641c0 to 0x000001a8da9648e6
Event: 14.358 Thread 0x000001a8e79aecf0 Exception <a 'java/lang/IncompatibleClassChangeError'{0x00000000ffd3c5e0}: Found class java.lang.Object, but interface was expected> (0x00000000ffd3c5e0) 
thrown [s\src\hotspot\share\interpreter\linkResolver.cpp, line 840]
Event: 14.564 Thread 0x000001a8e79aecf0 Exception <a 'java/lang/NoSuchMethodError'{0x000000008695dab0}: 'java.lang.Object java.lang.invoke.DirectMethodHandle$Holder.newInvokeSpecial(java.lang.Object, java.lang.Object, int, java.lang.Object, java.lang.Object)'> (0x000000008695dab0) 
thrown [s\src\hotspot\share\interpreter\linkResolver.cpp, line 773]
Event: 27.510 Thread 0x000001a8ec91cca0 Exception <a 'java/lang/NoSuchMethodError'{0x0000000084ebe550}: 'java.lang.Object java.lang.invoke.DirectMethodHandle$Holder.invokeSpecial(java.lang.Object, java.lang.Object, java.lang.Object, java.lang.Object, java.lang.Object, long)'> (0x0000000084ebe550) 
thrown [s\src\hotspot\share\interpreter\linkResolver.cpp, line 773]
Event: 27.510 Thread 0x000001a8ec91cca0 Exception <a 'java/lang/NoSuchMethodError'{0x0000000084ec1d20}: 'java.lang.Object java.lang.invoke.Invokers$Holder.linkToTargetMethod(java.lang.Object, java.lang.Object, java.lang.Object, long, java.lang.Object)'> (0x0000000084ec1d20) 
thrown [s\src\hotspot\share\interpreter\linkResolver.cpp, line 773]

ZGC Phase Switch (0 events):
No events

VM Operations (20 events):
Event: 13.933 Executing VM operation: ICBufferFull
Event: 13.933 Executing VM operation: ICBufferFull done
Event: 14.159 Executing VM operation: HandshakeAllThreads (Deoptimize)
Event: 14.159 Executing VM operation: HandshakeAllThreads (Deoptimize) done
Event: 14.260 Executing VM operation: G1CollectForAllocation (G1 Evacuation Pause)
Event: 14.266 Executing VM operation: G1CollectForAllocation (G1 Evacuation Pause) done
Event: 14.316 Executing VM operation: G1PauseRemark
Event: 14.323 Executing VM operation: G1PauseRemark done
Event: 14.342 Executing VM operation: G1PauseCleanup
Event: 14.342 Executing VM operation: G1PauseCleanup done
Event: 14.561 Executing VM operation: HandshakeAllThreads (Deoptimize)
Event: 14.561 Executing VM operation: HandshakeAllThreads (Deoptimize) done
Event: 15.564 Executing VM operation: Cleanup
Event: 15.564 Executing VM operation: Cleanup done
Event: 22.612 Executing VM operation: Cleanup
Event: 22.612 Executing VM operation: Cleanup done
Event: 27.584 Executing VM operation: HandshakeAllThreads (Deoptimize)
Event: 27.585 Executing VM operation: HandshakeAllThreads (Deoptimize) done
Event: 27.585 Executing VM operation: Cleanup
Event: 27.585 Executing VM operation: Cleanup done

Memory protections (0 events):
No events

Nmethod flushes (20 events):
Event: 14.322 Thread 0x000001a8e71a01e0 flushing  nmethod 0x000001a8d3045490
Event: 14.322 Thread 0x000001a8e71a01e0 flushing  nmethod 0x000001a8d3045810
Event: 14.322 Thread 0x000001a8e71a01e0 flushing  nmethod 0x000001a8d3046610
Event: 14.322 Thread 0x000001a8e71a01e0 flushing  nmethod 0x000001a8d308f410
Event: 14.322 Thread 0x000001a8e71a01e0 flushing  nmethod 0x000001a8d30b0c10
Event: 14.322 Thread 0x000001a8e71a01e0 flushing  nmethod 0x000001a8d30dda90
Event: 14.322 Thread 0x000001a8e71a01e0 flushing  nmethod 0x000001a8d30ddf10
Event: 14.322 Thread 0x000001a8e71a01e0 flushing  nmethod 0x000001a8d30de290
Event: 14.322 Thread 0x000001a8e71a01e0 flushing  nmethod 0x000001a8d326de90
Event: 14.322 Thread 0x000001a8e71a01e0 flushing  nmethod 0x000001a8d343d990
Event: 14.322 Thread 0x000001a8e71a01e0 flushing  nmethod 0x000001a8d343f510
Event: 14.322 Thread 0x000001a8e71a01e0 flushing  nmethod 0x000001a8d3556690
Event: 14.322 Thread 0x000001a8e71a01e0 flushing  nmethod 0x000001a8d3557510
Event: 14.322 Thread 0x000001a8e71a01e0 flushing  nmethod 0x000001a8d3571e10
Event: 14.322 Thread 0x000001a8e71a01e0 flushing  nmethod 0x000001a8d3643d10
Event: 14.322 Thread 0x000001a8e71a01e0 flushing  nmethod 0x000001a8d371f010
Event: 14.322 Thread 0x000001a8e71a01e0 flushing  nmethod 0x000001a8d371fb90
Event: 14.322 Thread 0x000001a8e71a01e0 flushing  nmethod 0x000001a8d3720c90
Event: 14.322 Thread 0x000001a8e71a01e0 flushing  nmethod 0x000001a8d3721010
Event: 14.322 Thread 0x000001a8e71a01e0 flushing  nmethod 0x000001a8d3722590

Events (20 events):
Event: 14.539 Thread 0x000001a8ec91cca0 Thread exited: 0x000001a8ec91cca0
Event: 14.539 Thread 0x000001a8e79aecf0 Thread added: 0x000001a8ec91e6e0
Event: 14.580 Thread 0x000001a8e79aecf0 Thread added: 0x000001a8ec91cca0
Event: 14.580 Thread 0x000001a8e79aecf0 Thread added: 0x000001a8f0201b30
Event: 14.580 Thread 0x000001a8e79aecf0 Thread added: 0x000001a8f0205640
Event: 14.580 Thread 0x000001a8e79aecf0 Thread added: 0x000001a8f0202ee0
Event: 14.580 Thread 0x000001a8e79aecf0 Thread added: 0x000001a8f0200e10
Event: 14.580 Thread 0x000001a8e79aecf0 Thread added: 0x000001a8f0203570
Event: 14.581 Thread 0x000001a8e79aecf0 Thread added: 0x000001a8f0202850
Event: 14.581 Thread 0x000001a8e79aecf0 Thread added: 0x000001a8f02021c0
Event: 14.581 Thread 0x000001a8e79aecf0 Thread added: 0x000001a8f02069f0
Event: 14.581 Thread 0x000001a8e79aecf0 Thread added: 0x000001a8f02014a0
Event: 14.628 Thread 0x000001a8e79aecf0 Thread added: 0x000001a8f0203c00
Event: 14.631 Thread 0x000001a8e79aecf0 Thread added: 0x000001a8f0204290
Event: 14.686 Thread 0x000001a8e79aecf0 Thread exited: 0x000001a8e79aecf0
Event: 14.690 Thread 0x000001a8ec337490 Thread exited: 0x000001a8ec337490
Event: 14.691 Thread 0x000001a8cd1087e0 Thread exited: 0x000001a8cd1087e0
Event: 14.691 Thread 0x000001a8f0204920 Thread added: 0x000001a8f0204920
Event: 15.549 Thread 0x000001a8e76509d0 Thread exited: 0x000001a8e76509d0
Event: 16.162 Thread 0x000001a8e7651e40 Thread exited: 0x000001a8e7651e40


Dynamic libraries:
0x00007ff73a330000 - 0x00007ff73a33e000 	C:\Users\DEEPU\.p2\pool\plugins\org.eclipse.justj.openjdk.hotspot.jre.full.win32.x86_64_21.0.6.v20250130-0529\jre\bin\javaw.exe
0x00007ffe4b170000 - 0x00007ffe4b368000 	C:\Windows\SYSTEM32\ntdll.dll
0x00007ffe4a4c0000 - 0x00007ffe4a582000 	C:\Windows\System32\KERNEL32.DLL
0x00007ffe489a0000 - 0x00007ffe48c9f000 	C:\Windows\System32\KERNELBASE.dll
0x00007ffe488a0000 - 0x00007ffe489a0000 	C:\Windows\System32\ucrtbase.dll
0x00007ffde5a80000 - 0x00007ffde5a98000 	C:\Users\DEEPU\.p2\pool\plugins\org.eclipse.justj.openjdk.hotspot.jre.full.win32.x86_64_21.0.6.v20250130-0529\jre\bin\jli.dll
0x00007ffde5a60000 - 0x00007ffde5a7e000 	C:\Users\DEEPU\.p2\pool\plugins\org.eclipse.justj.openjdk.hotspot.jre.full.win32.x86_64_21.0.6.v20250130-0529\jre\bin\VCRUNTIME140.dll
0x00007ffe4a320000 - 0x00007ffe4a4bd000 	C:\Windows\System32\USER32.dll
0x00007ffe2d5d0000 - 0x00007ffe2d86a000 	C:\Windows\WinSxS\amd64_microsoft.windows.common-controls_6595b64144ccf1df_6.0.19041.4355_none_60b8b9eb71f62e16\COMCTL32.dll
0x00007ffe49160000 - 0x00007ffe49182000 	C:\Windows\System32\win32u.dll
0x00007ffe49ec0000 - 0x00007ffe49f5e000 	C:\Windows\System32\msvcrt.dll
0x00007ffe4afd0000 - 0x00007ffe4affb000 	C:\Windows\System32\GDI32.dll
0x00007ffe48cf0000 - 0x00007ffe48e0a000 	C:\Windows\System32\gdi32full.dll
0x00007ffe490c0000 - 0x00007ffe4915d000 	C:\Windows\System32\msvcp_win.dll
0x00007ffe49b50000 - 0x00007ffe49b7f000 	C:\Windows\System32\IMM32.DLL
0x00007ffe3eab0000 - 0x00007ffe3eabc000 	C:\Users\DEEPU\.p2\pool\plugins\org.eclipse.justj.openjdk.hotspot.jre.full.win32.x86_64_21.0.6.v20250130-0529\jre\bin\vcruntime140_1.dll
0x00007ffde59d0000 - 0x00007ffde5a5d000 	C:\Users\DEEPU\.p2\pool\plugins\org.eclipse.justj.openjdk.hotspot.jre.full.win32.x86_64_21.0.6.v20250130-0529\jre\bin\msvcp140.dll
0x00007ffe028d0000 - 0x00007ffe03660000 	C:\Users\DEEPU\.p2\pool\plugins\org.eclipse.justj.openjdk.hotspot.jre.full.win32.x86_64_21.0.6.v20250130-0529\jre\bin\server\jvm.dll
0x00007ffe4a1f0000 - 0x00007ffe4a29f000 	C:\Windows\System32\ADVAPI32.dll
0x00007ffe4a150000 - 0x00007ffe4a1ef000 	C:\Windows\System32\sechost.dll
0x00007ffe4a950000 - 0x00007ffe4aa73000 	C:\Windows\System32\RPCRT4.dll
0x00007ffe48e10000 - 0x00007ffe48e37000 	C:\Windows\System32\bcrypt.dll
0x00007ffe49da0000 - 0x00007ffe49e0b000 	C:\Windows\System32\WS2_32.dll
0x00007ffe21070000 - 0x00007ffe21097000 	C:\Windows\SYSTEM32\WINMM.dll
0x00007ffe48670000 - 0x00007ffe486bb000 	C:\Windows\SYSTEM32\POWRPROF.dll
0x00007ffe41c50000 - 0x00007ffe41c5a000 	C:\Windows\SYSTEM32\VERSION.dll
0x00007ffe48650000 - 0x00007ffe48662000 	C:\Windows\SYSTEM32\UMPDC.dll
0x00007ffe47040000 - 0x00007ffe47052000 	C:\Windows\SYSTEM32\kernel.appcore.dll
0x00007ffe44730000 - 0x00007ffe4473a000 	C:\Users\DEEPU\.p2\pool\plugins\org.eclipse.justj.openjdk.hotspot.jre.full.win32.x86_64_21.0.6.v20250130-0529\jre\bin\jimage.dll
0x00007ffe464d0000 - 0x00007ffe466b4000 	C:\Windows\SYSTEM32\DBGHELP.DLL
0x00007ffe31600000 - 0x00007ffe31634000 	C:\Windows\SYSTEM32\dbgcore.DLL
0x00007ffe48810000 - 0x00007ffe48892000 	C:\Windows\System32\bcryptPrimitives.dll
0x00007ffe1c200000 - 0x00007ffe1c21f000 	C:\Users\DEEPU\.p2\pool\plugins\org.eclipse.justj.openjdk.hotspot.jre.full.win32.x86_64_21.0.6.v20250130-0529\jre\bin\java.dll
0x00007ffe49220000 - 0x00007ffe4998d000 	C:\Windows\System32\SHELL32.dll
0x00007ffe46830000 - 0x00007ffe46fd4000 	C:\Windows\SYSTEM32\windows.storage.dll
0x00007ffe4a590000 - 0x00007ffe4a8e5000 	C:\Windows\System32\combase.dll
0x00007ffe48090000 - 0x00007ffe480bb000 	C:\Windows\SYSTEM32\Wldp.dll
0x00007ffe49f60000 - 0x00007ffe4a02d000 	C:\Windows\System32\OLEAUT32.dll
0x00007ffe49e10000 - 0x00007ffe49ebd000 	C:\Windows\System32\SHCORE.dll
0x00007ffe4a8f0000 - 0x00007ffe4a945000 	C:\Windows\System32\shlwapi.dll
0x00007ffe48740000 - 0x00007ffe48765000 	C:\Windows\SYSTEM32\profapi.dll
0x00007ffe1c1e0000 - 0x00007ffe1c1f8000 	C:\Users\DEEPU\.p2\pool\plugins\org.eclipse.justj.openjdk.hotspot.jre.full.win32.x86_64_21.0.6.v20250130-0529\jre\bin\zip.dll
0x00007ffe42050000 - 0x00007ffe42060000 	C:\Users\DEEPU\.p2\pool\plugins\org.eclipse.justj.openjdk.hotspot.jre.full.win32.x86_64_21.0.6.v20250130-0529\jre\bin\net.dll
0x00007ffe402a0000 - 0x00007ffe403aa000 	C:\Windows\SYSTEM32\WINHTTP.dll
0x00007ffe47e70000 - 0x00007ffe47edc000 	C:\Windows\system32\mswsock.dll
0x00007ffe1c1c0000 - 0x00007ffe1c1d6000 	C:\Users\DEEPU\.p2\pool\plugins\org.eclipse.justj.openjdk.hotspot.jre.full.win32.x86_64_21.0.6.v20250130-0529\jre\bin\nio.dll
0x00007ffe160f0000 - 0x00007ffe160fa000 	C:\Users\DEEPU\.p2\pool\plugins\org.eclipse.justj.openjdk.hotspot.jre.full.win32.x86_64_21.0.6.v20250130-0529\jre\bin\management.dll
0x00007ffe05d70000 - 0x00007ffe05d7b000 	C:\Users\DEEPU\.p2\pool\plugins\org.eclipse.justj.openjdk.hotspot.jre.full.win32.x86_64_21.0.6.v20250130-0529\jre\bin\management_ext.dll
0x00007ffe49d80000 - 0x00007ffe49d88000 	C:\Windows\System32\PSAPI.DLL
0x00007ffe3e630000 - 0x00007ffe3e63e000 	C:\Users\DEEPU\.p2\pool\plugins\org.eclipse.justj.openjdk.hotspot.jre.full.win32.x86_64_21.0.6.v20250130-0529\jre\bin\sunmscapi.dll
0x00007ffe48e40000 - 0x00007ffe48f9c000 	C:\Windows\System32\CRYPT32.dll
0x00007ffe481e0000 - 0x00007ffe48207000 	C:\Windows\SYSTEM32\ncrypt.dll
0x00007ffe481a0000 - 0x00007ffe481db000 	C:\Windows\SYSTEM32\NTASN1.dll
0x00007ffe480d0000 - 0x00007ffe480e8000 	C:\Windows\SYSTEM32\CRYPTSP.dll
0x00007ffe477b0000 - 0x00007ffe477e8000 	C:\Windows\system32\rsaenh.dll
0x00007ffe48700000 - 0x00007ffe4872e000 	C:\Windows\SYSTEM32\USERENV.dll
0x00007ffe48000000 - 0x00007ffe4800c000 	C:\Windows\SYSTEM32\CRYPTBASE.dll
0x00007ffe47b70000 - 0x00007ffe47bab000 	C:\Windows\SYSTEM32\IPHLPAPI.DLL
0x00007ffe49990000 - 0x00007ffe49998000 	C:\Windows\System32\NSI.dll
0x00007ffe3eaa0000 - 0x00007ffe3eab0000 	C:\Users\DEEPU\.p2\pool\plugins\org.eclipse.justj.openjdk.hotspot.jre.full.win32.x86_64_21.0.6.v20250130-0529\jre\bin\verify.dll
0x00007ffe47bb0000 - 0x00007ffe47c7a000 	C:\Windows\SYSTEM32\DNSAPI.dll
0x00007ffe3b6e0000 - 0x00007ffe3b6ea000 	C:\Windows\System32\rasadhlp.dll
0x00007ffe3d930000 - 0x00007ffe3d9b0000 	C:\Windows\System32\fwpuclnt.dll
0x00007ffe2c2a0000 - 0x00007ffe2c2a9000 	C:\Users\DEEPU\.p2\pool\plugins\org.eclipse.justj.openjdk.hotspot.jre.full.win32.x86_64_21.0.6.v20250130-0529\jre\bin\extnet.dll
0x00007ffe44360000 - 0x00007ffe44367000 	C:\Windows\system32\wshunix.dll

dbghelp: loaded successfully - version: 4.0.5 - missing functions: none
symbol engine: initialized successfully - sym options: 0x614 - pdb path: .;C:\Users\DEEPU\.p2\pool\plugins\org.eclipse.justj.openjdk.hotspot.jre.full.win32.x86_64_21.0.6.v20250130-0529\jre\bin;C:\Windows\SYSTEM32;C:\Windows\WinSxS\amd64_microsoft.windows.common-controls_6595b64144ccf1df_6.0.19041.4355_none_60b8b9eb71f62e16;C:\Users\DEEPU\.p2\pool\plugins\org.eclipse.justj.openjdk.hotspot.jre.full.win32.x86_64_21.0.6.v20250130-0529\jre\bin\server

VM Arguments:
jvm_args: -Dfile.encoding=UTF-8 -Dstdout.encoding=UTF-8 -Dstderr.encoding=UTF-8 -XX:+ShowCodeDetailsInExceptionMessages 
java_command: com.klu.sdp_project.SdpProjectApplication
java_class_path (initial): C:\Users\DEEPU\Desktop\project_JFSD\grademate-master\target\classes;C:\Users\DEEPU\.m2\repository\org\springframework\boot\spring-boot-starter-web\3.2.11\spring-boot-starter-web-3.2.11.jar;C:\Users\DEEPU\.m2\repository\org\springframework\boot\spring-boot-starter\3.2.11\spring-boot-starter-3.2.11.jar;C:\Users\DEEPU\.m2\repository\org\springframework\boot\spring-boot-starter-logging\3.2.11\spring-boot-starter-logging-3.2.11.jar;C:\Users\DEEPU\.m2\repository\ch\qos\logback\logback-classic\1.4.14\logback-classic-1.4.14.jar;C:\Users\DEEPU\.m2\repository\ch\qos\logback\logback-core\1.4.14\logback-core-1.4.14.jar;C:\Users\DEEPU\.m2\repository\org\apache\logging\log4j\log4j-to-slf4j\2.21.1\log4j-to-slf4j-2.21.1.jar;C:\Users\DEEPU\.m2\repository\org\apache\logging\log4j\log4j-api\2.21.1\log4j-api-2.21.1.jar;C:\Users\DEEPU\.m2\repository\org\slf4j\jul-to-slf4j\2.0.16\jul-to-slf4j-2.0.16.jar;C:\Users\DEEPU\.m2\repository\jakarta\annotation\jakarta.annotation-api\2.1.1\jakarta.annotation-api-2.1.1.jar;C:\Users\DEEPU\.m2\repository\org\yaml\snakeyaml\2.2\snakeyaml-2.2.jar;C:\Users\DEEPU\.m2\repository\org\springframework\boot\spring-boot-starter-json\3.2.11\spring-boot-starter-json-3.2.11.jar;C:\Users\DEEPU\.m2\repository\com\fasterxml\jackson\core\jackson-databind\2.15.4\jackson-databind-2.15.4.jar;C:\Users\DEEPU\.m2\repository\com\fasterxml\jackson\core\jackson-annotations\2.15.4\jackson-annotations-2.15.4.jar;C:\Users\DEEPU\.m2\repository\com\fasterxml\jackson\core\jackson-core\2.15.4\jackson-core-2.15.4.jar;C:\Users\DEEPU\.m2\repository\com\fasterxml\jackson\datatype\jackson-datatype-jdk8\2.15.4\jackson-datatype-jdk8-2.15.4.jar;C:\Users\DEEPU\.m2\repository\com\fasterxml\jackson\datatype\jackson-datatype-jsr310\2.15.4\jackson-datatype-jsr310-2.15.4.jar;C:\Users\DEEPU\.m2\repository\com\fasterxml\jackson\module\jackson-module-parameter-names\2.15.4\jackson-module-parameter-names-2.15.4.jar;C:\Users\DEEPU\.m2\repository\org\springframework\boot\spring-boot-starter-tomcat\3.2.11\spring-boot-starter-tomcat-3.2.11.jar;C:\Users\DEEPU\.m2\repository\org\apache\tomcat\embed\tomcat-embed-websocket\10.1.31\tomcat-embed-websocket-10.1.31.jar;C:\Users\DEEPU\.m2\repository\org\springframework\spring-web\6.1.14\spring-web-6.1.14.jar;C:\Users\DEEPU\.m2\repository\org\springframework\spring-beans\6.1.14\spring-beans-6.1.14.jar;C:\Users\DEEPU\.m2\repository\io\micrometer\micrometer-observation\1.12.11\micrometer-observation-1.12.11.jar;C:\Users\DEEPU\.m2\repository\io\micrometer\micrometer-commons\1.12.11\micrometer-commons-1.12.11.jar;C:\Users\DEEPU\.m2\repository\org\springframework\spring-webmvc\6.1.14\spring-webmvc-6.1.14.jar;C:\Users\DEEPU\.m2\repository\org\springframework\spring-aop\6.1.14\spring-aop-6.1.14.jar;C:\Users\DEEPU\.m2\repository\org\springframework\spring-context\6.1.14\spring-context-6.1.14.jar;C:\Users\DEEPU\.m2\repository\org\springframework\spring-expression\6.1.14\spring-expression-6.1.14.jar;C:\Users\DEEPU\.m2\repository\org\springframework\boot\spring-boot-devtools\3.2.11\spring-boot-devtools-3.2.11.jar;C:\Users\DEEPU\.m2\repository\org\springframework\boot\spring-boot\3.2.11\spring-boot-3.2.11.jar;C:\Users\DEEPU\.m2\repository\org\springframework\boot\spring-boot-autoconfigure\3.2.11\spring-boot-autoconfigure-3.2.11.jar;C:\Users\DEEPU\.m2\repository\org\slf4j\slf4j-api\2.0.16\slf4j-api-2.0.16.jar;C:\Users\DEEPU\.m2\repository\jakarta\xml\bind\jakarta.xml.bind-api\4.0.2\jakarta.xml.bind-api-4.0.2.jar;C:\Users\DEEPU\.m2\repository\jakarta\activation\jakarta.activation-api\2.1.3\jakarta.activation-api-2.1.3.jar;C:\Users\DEEPU\.m2\repository\net\bytebuddy\byte-buddy\1.14.19\byte-buddy-1.14.19.jar;C:\Users\DEEPU\.m2\repository\org\springframework\spring-core\6.1.14\spring-core-6.1.14.jar;C:\Users\DEEPU\.m2\repository\org\springframework\spring-jcl\6.1.14\spring-jcl-6.1.14.jar;C:\Users\DEEPU\.m2\repository\jakarta\servlet\jakarta.servlet-api\6.0.0\jakarta.servlet-api-6.0.0.jar;C:\Users\DEEPU\.m2\repository\org\springframework\boot\spring-boot-starter-mail\3.2.11\spring-boot-starter-mail-3.2.11.jar;C:\Users\DEEPU\.m2\repository\org\springframework\spring-context-support\6.1.14\spring-context-support-6.1.14.jar;C:\Users\DEEPU\.m2\repository\org\eclipse\angus\jakarta.mail\2.0.3\jakarta.mail-2.0.3.jar;C:\Users\DEEPU\.m2\repository\org\eclipse\angus\angus-activation\2.0.2\angus-activation-2.0.2.jar;C:\Users\DEEPU\.m2\repository\com\sun\mail\javax.mail\1.6.2\javax.mail-1.6.2.jar;C:\Users\DEEPU\.m2\repository\javax\activation\activation\1.1\activation-1.1.jar;C:\Users\DEEPU\.m2\repository\org\apache\tomcat\tomcat-jasper-el\11.0.0\tomcat-jasper-el-11.0.0.jar;C:\Users\DEEPU\.m2\repository\org\apache\tomcat\tomcat-el-api\11.0.0\tomcat-el-api-11.0.0.jar;C:\Users\DEEPU\.m2\repository\org\apache\tomcat\embed\tomcat-embed-jasper\11.0.0\tomcat-embed-jasper-11.0.0.jar;C:\Users\DEEPU\.m2\repository\org\apache\tomcat\embed\tomcat-embed-core\10.1.31\tomcat-embed-core-10.1.31.jar;C:\Users\DEEPU\.m2\repository\org\apache\tomcat\tomcat-annotations-api\10.1.31\tomcat-annotations-api-10.1.31.jar;C:\Users\DEEPU\.m2\repository\org\apache\tomcat\embed\tomcat-embed-el\10.1.31\tomcat-embed-el-10.1.31.jar;C:\Users\DEEPU\.m2\repository\org\eclipse\jdt\ecj\3.39.0\ecj-3.39.0.jar;C:\Users\DEEPU\.m2\repository\org\glassfish\web\jakarta.servlet.jsp.jstl\2.0.0\jakarta.servlet.jsp.jstl-2.0.0.jar;C:\Users\DEEPU\.m2\repository\jakarta\servlet\jsp\jstl\jakarta.servlet.jsp.jstl-api\3.0.2\jakarta.servlet.jsp.jstl-api-3.0.2.jar;C:\Users\DEEPU\.m2\repository\jakarta\el\jakarta.el-api\5.0.0\jakarta.el-api-5.0.0.jar;C:\Users\DEEPU\.m2\repository\org\springframework\boot\spring-boot-starter-data-jpa\3.2.11\spring-boot-starter-data-jpa-3.2.11.jar;C:\Users\DEEPU\.m2\repository\org\springframework\boot\spring-boot-starter-aop\3.2.11\spring-boot-starter-aop-3.2.11.jar;C:\Users\DEEPU\.m2\repository\org\aspectj\aspectjweaver\1.9.22.1\aspectjweaver-1.9.22.1.jar;C:\Users\DEEPU\.m2\repository\org\springframework\boot\spring-boot-starter-jdbc\3.2.11\spring-boot-starter-jdbc-3.2.11.jar;C:\Users\DEEPU\.m2\repository\com\zaxxer\HikariCP\5.0.1\HikariCP-5.0.1.jar;C:\Users\DEEPU\.m2\repository\org\springframework\spring-jdbc\6.1.14\spring-jdbc-6.1.14.jar;C:\Users\DEEPU\.m2\repository\org\hibernate\orm\hibernate-core\6.4.10.Final\hibernate-core-6.4.10.Final.jar;C:\Users\DEEPU\.m2\repository\jakarta\persistence\jakarta.persistence-api\3.1.0\jakarta.persistence-api-3.1.0.jar;C:\Users\DEEPU\.m2\repository\jakarta\transaction\jakarta.transaction-api\2.0.1\jakarta.transaction-api-2.0.1.jar;C:\Users\DEEPU\.m2\repository\org\jboss\logging\jboss-logging\3.5.3.Final\jboss-logging-3.5.3.Final.jar;C:\Users\DEEPU\.m2\repository\org\hibernate\common\hibernate-commons-annotations\6.0.6.Final\hibernate-commons-annotations-6.0.6.Final.jar;C:\Users\DEEPU\.m2\repository\io\smallrye\jandex\3.1.2\jandex-3.1.2.jar;C:\Users\DEEPU\.m2\repository\com\fasterxml\classmate\1.6.0\classmate-1.6.0.jar;C:\Users\DEEPU\.m2\repository\org\glassfish\jaxb\jaxb-runtime\4.0.5\jaxb-runtime-4.0.5.jar;C:\Users\DEEPU\.m2\repository\org\glassfish\jaxb\jaxb-core\4.0.5\jaxb-core-4.0.5.jar;C:\Users\DEEPU\.m2\repository\org\glassfish\jaxb\txw2\4.0.5\txw2-4.0.5.jar;C:\Users\DEEPU\.m2\repository\com\sun\istack\istack-commons-runtime\4.1.2\istack-commons-runtime-4.1.2.jar;C:\Users\DEEPU\.m2\repository\jakarta\inject\jakarta.inject-api\2.0.1\jakarta.inject-api-2.0.1.jar;C:\Users\DEEPU\.m2\repository\org\antlr\antlr4-runtime\4.13.0\antlr4-runtime-4.13.0.jar;C:\Users\DEEPU\.m2\repository\org\springframework\data\spring-data-jpa\3.2.11\spring-data-jpa-3.2.11.jar;C:\Users\DEEPU\.m2\repository\org\springframework\data\spring-data-commons\3.2.11\spring-data-commons-3.2.11.jar;C:\Users\DEEPU\.m2\repository\org\springframework\spring-orm\6.1.14\spring-orm-6.1.14.jar;C:\Users\DEEPU\.m2\repository\org\springframework\spring-tx\6.1.14\spring-tx-6.1.14.jar;C:\Users\DEEPU\.m2\repository\org\springframework\spring-aspects\6.1.14\spring-aspects-6.1.14.jar;C:\Users\DEEPU\.m2\repository\com\mysql\mysql-connector-j\8.3.0\mysql-connector-j-8.3.0.jar
Launcher Type: SUN_STANDARD

[Global flags]
     intx CICompilerCount                          = 4                                         {product} {ergonomic}
     uint ConcGCThreads                            = 2                                         {product} {ergonomic}
     uint G1ConcRefinementThreads                  = 8                                         {product} {ergonomic}
   size_t G1HeapRegionSize                         = 1048576                                   {product} {ergonomic}
    uintx GCDrainStackTargetSize                   = 64                                        {product} {ergonomic}
   size_t InitialHeapSize                          = 132120576                                 {product} {ergonomic}
   size_t MarkStackSize                            = 4194304                                   {product} {ergonomic}
   size_t MaxHeapSize                              = 2113929216                                {product} {ergonomic}
   size_t MaxNewSize                               = 1267728384                                {product} {ergonomic}
   size_t MinHeapDeltaBytes                        = 1048576                                   {product} {ergonomic}
   size_t MinHeapSize                              = 8388608                                   {product} {ergonomic}
    uintx NonNMethodCodeHeapSize                   = 5839372                                {pd product} {ergonomic}
    uintx NonProfiledCodeHeapSize                  = 122909434                              {pd product} {ergonomic}
    uintx ProfiledCodeHeapSize                     = 122909434                              {pd product} {ergonomic}
    uintx ReservedCodeCacheSize                    = 251658240                              {pd product} {ergonomic}
     bool SegmentedCodeCache                       = true                                      {product} {ergonomic}
     bool ShowCodeDetailsInExceptionMessages       = true                                   {manageable} {command line}
   size_t SoftMaxHeapSize                          = 2113929216                             {manageable} {ergonomic}
     bool UseCompressedOops                        = true                           {product lp64_product} {ergonomic}
     bool UseG1GC                                  = true                                      {product} {ergonomic}
     bool UseLargePagesIndividualAllocation        = false                                  {pd product} {ergonomic}

Logging:
Log output configuration:
 #0: stdout all=warning uptime,level,tags foldmultilines=false
 #1: stderr all=off uptime,level,tags foldmultilines=false

Environment Variables:
PATH=C:/Users/DEEPU/.p2/pool/plugins/org.eclipse.justj.openjdk.hotspot.jre.full.win32.x86_64_21.0.6.v20250130-0529/jre/bin/server;C:/Users/DEEPU/.p2/pool/plugins/org.eclipse.justj.openjdk.hotspot.jre.full.win32.x86_64_21.0.6.v20250130-0529/jre/bin;C:\Windows\system32;C:\Windows;C:\Windows\System32\Wbem;C:\Windows\System32\WindowsPowerShell\v1.0\;C:\Windows\System32\OpenSSH\;C:\Program Files\nodejs\;C:\Program Files\Docker\Docker\resources\bin;C:\Program Files\Git\cmd;C:\Program Files\MySQL\MySQL Shell 8.0\bin\;C:\Users\DEEPU\AppData\Local\Microsoft\WindowsApps;C:\Users\DEEPU\AppData\Roaming\npm;C:\Users\DEEPU\AppData\Local\Programs\Microsoft VS Code\bin;C:\Windows\system32;
USERNAME=DEEPU
OS=Windows_NT
PROCESSOR_IDENTIFIER=Intel64 Family 6 Model 142 Stepping 10, GenuineIntel
TMP=C:\Users\DEEPU\AppData\Local\Temp
TEMP=C:\Users\DEEPU\AppData\Local\Temp




Periodic native trim disabled

---------------  S Y S T E M  ---------------

OS:
 Windows 10 , 64 bit Build 19041 (10.0.19041.5438)
OS uptime: 0 days 0:05 hours
Hyper-V role detected

CPU: total 8 (initial active 8) (4 cores per cpu, 2 threads per core) family 6 model 142 stepping 10 microcode 0xec, cx8, cmov, fxsr, ht, mmx, 3dnowpref, sse, sse2, sse3, ssse3, sse4.1, sse4.2, popcnt, lzcnt, tsc, tscinvbit, avx, avx2, aes, erms, clmul, bmi1, bmi2, adx, fma, vzeroupper, clflush, clflushopt, hv, rdtscp, f16c
Processor Information for processor 0
  Max Mhz: 1801, Current Mhz: 1801, Mhz Limit: 1801
Processor Information for processor 1
  Max Mhz: 1801, Current Mhz: 1801, Mhz Limit: 1801
Processor Information for processor 2
  Max Mhz: 1801, Current Mhz: 1801, Mhz Limit: 1801
Processor Information for processor 3
  Max Mhz: 1801, Current Mhz: 1500, Mhz Limit: 1801
Processor Information for processor 4
  Max Mhz: 1801, Current Mhz: 1500, Mhz Limit: 1801
Processor Information for processor 5
  Max Mhz: 1801, Current Mhz: 1500, Mhz Limit: 1801
Processor Information for processor 6
  Max Mhz: 1801, Current Mhz: 1500, Mhz Limit: 1801
Processor Information for processor 7
  Max Mhz: 1801, Current Mhz: 1801, Mhz Limit: 1801

Memory: 4k page, system-wide physical 8058M (2844M free)
TotalPageFile size 9338M (AvailPageFile size 3261M)
current process WorkingSet (physical memory assigned to process): 248M, peak: 290M
current process commit charge ("private bytes"): 290M, peak: 322M

vm_info: OpenJDK 64-Bit Server VM (21.0.6+7-LTS) for windows-amd64 JRE (21.0.6+7-LTS), built on 2025-01-21T00:00:00Z by "admin" with MS VC++ 17.7 (VS2022)

END.
