#
# A fatal error has been detected by the Java Runtime Environment:
#
#  EXCEPTION_ACCESS_VIOLATION (0xc0000005) at pc=0x00007ff98869eac8, pid=23520, tid=22892
#
# JRE version: OpenJDK Runtime Environment Temurin-21.0.6+7 (21.0.6+7) (build 21.0.6+7-LTS)
# Java VM: OpenJDK 64-Bit Server VM Temurin-21.0.6+7 (21.0.6+7-LTS, mixed mode, sharing, tiered, compressed oops, compressed class ptrs, g1 gc, windows-amd64)
# Problematic frame:
# V  [jvm.dll+0x2feac8]
#
# No core dump will be written. Minidumps are not enabled by default on client versions of Windows
#
# If you would like to submit a bug report, please visit:
#   https://github.com/adoptium/adoptium-support/issues
#

---------------  S U M M A R Y ------------

Command Line: -Dfile.encoding=UTF-8 -Dstdout.encoding=UTF-8 -Dstderr.encoding=UTF-8 -XX:+ShowCodeDetailsInExceptionMessages com.klu.sdp_project.SdpProjectApplication

Host: Intel(R) Core(TM) i5-8250U CPU @ 1.60GHz, 8 cores, 7G,  Windows 10 , 64 bit Build 19041 (10.0.19041.5438)
Time: Tue Mar 25 11:26:27 2025 India Standard Time elapsed time: 2.299946 seconds (0d 0h 0m 2s)

---------------  T H R E A D  ---------------

Current thread (0x00000254fa290bb0):  JavaThread "C2 CompilerThread1" daemon [_thread_in_native, id=22892, stack(0x00000071fd300000,0x00000071fd400000) (1024K)]


Current CompileTask:
C2:2300 2663       4       java.lang.invoke.MethodType::methodType (69 bytes)

Stack: [0x00000071fd300000,0x00000071fd400000],  sp=0x00000071fd3fc170,  free space=1008k
Native frames: (J=compiled Java code, j=interpreted, Vv=VM code, C=native code)
V  [jvm.dll+0x2feac8]
V  [jvm.dll+0x2fc64b]
V  [jvm.dll+0x2fd648]
V  [jvm.dll+0x2fe1ba]
V  [jvm.dll+0x24914f]
V  [jvm.dll+0x246ec4]
V  [jvm.dll+0x1c75ee]
V  [jvm.dll+0x25685a]
V  [jvm.dll+0x254dfa]
V  [jvm.dll+0x3f0256]
V  [jvm.dll+0x851f8b]
V  [jvm.dll+0x6cc5ed]
C  [ucrtbase.dll+0x21bb2]
C  [KERNEL32.DLL+0x17374]
C  [ntdll.dll+0x4cc91]


siginfo: EXCEPTION_ACCESS_VIOLATION (0xc0000005), reading address 0x000002547c4c9cea


Registers:
RAX=0x00000254fc52f080, RBX=0x0000000000000020, RCX=0x00000000000004cf, RDX=0x0000000000000010
RSP=0x00000071fd3fc170, RBP=0x000000000000001a, RSI=0x00000071fd3fc348, RDI=0x000000000000001a
R8 =0x0000000000000070, R9 =0x0000000000000080, R10=0x00007ff9cdb10000, R11=0x00007ff9cdb21a5f
R12=0x000000000000005f, R13=0x000002547c4c9cb8, R14=0x00000254fc535170, R15=0x00000254fc535170
RIP=0x00007ff98869eac8, EFLAGS=0x0000000000010287

XMM[0]=0x0000000000000000 0x0000000000000000
XMM[1]=0x00000254fc4c7588 0x00000254fc4c7520
XMM[2]=0x00000254fc4c7318 0x00000254fc4c72b0
XMM[3]=0x00000254fa9d0e70 0x00000254fbb3ed30
XMM[4]=0x00000254fc561ed8 0x00000254fc0c47e8
XMM[5]=0x00000254fc4c7728 0x00000254fc4c76c0
XMM[6]=0x0000000000000000 0x0000000000000000
XMM[7]=0x0000000000000000 0x0000000000000000
XMM[8]=0x0000000000000000 0x0000000000000000
XMM[9]=0x0000000000000000 0x0000000000000000
XMM[10]=0x0000000000000000 0x0000000000000000
XMM[11]=0x0000000000000000 0x0000000000000000
XMM[12]=0x0000000000000000 0x0000000000000000
XMM[13]=0x0000000000000000 0x0000000000000000
XMM[14]=0x0000000000000000 0x0000000000000000
XMM[15]=0x0000000000000000 0x0000000000000000
  MXCSR=0x00001fa0


Register to memory mapping:

RAX=0x00000254fc52f080 points into unknown readable memory: 0x00000254fc4c7178 | 78 71 4c fc 54 02 00 00
RBX=0x0000000000000020 is an unknown value
RCX=0x00000000000004cf is an unknown value
RDX=0x0000000000000010 is an unknown value
RSP=0x00000071fd3fc170 is pointing into the stack for thread: 0x00000254fa290bb0
RBP=0x000000000000001a is an unknown value
RSI=0x00000071fd3fc348 is pointing into the stack for thread: 0x00000254fa290bb0
RDI=0x000000000000001a is an unknown value
R8 =0x0000000000000070 is an unknown value
R9 =0x0000000000000080 is an unknown value
R10=0x00007ff9cdb10000 VCRUNTIME140.dll
R11=0x00007ff9cdb21a5f VCRUNTIME140.dll
R12=0x000000000000005f is an unknown value
R13=0x000002547c4c9cb8 is an unknown value
R14=0x00000254fc535170 points into unknown readable memory: 0x00000254fc4c7178 | 78 71 4c fc 54 02 00 00
R15=0x00000254fc535170 points into unknown readable memory: 0x00000254fc4c7178 | 78 71 4c fc 54 02 00 00

Top of Stack: (sp=0x00000071fd3fc170)
0x00000071fd3fc170:   0000000000000020 00000071fd3fc348
0x00000071fd3fc180:   0000000000000000 0000000000000000
0x00000071fd3fc190:   0000000000000000 00007ff98869a229
0x00000071fd3fc1a0:   0000000000000048 0000000000000000
0x00000071fd3fc1b0:   00000071fd3fe7f0 00000254fc846c10
0x00000071fd3fc1c0:   00000254fc846c80 00000071fd3fc360
0x00000071fd3fc1d0:   00000254fa6ce970 00000071fd3fc3c0
0x00000071fd3fc1e0:   00000071fd3fc330 00007ff98869c64b
0x00000071fd3fc1f0:   00000254fc846c10 00000071fd3fc348
0x00000071fd3fc200:   00000071fd3fc360 00000000000004cf
0x00000071fd3fc210:   00000254fae05010 0000000000000001
0x00000071fd3fc220:   00000254fa042cd0 00007ff98869a378
0x00000071fd3fc230:   00000254fb0a5fc0 0000000000000001
0x00000071fd3fc240:   0000000000000005 00000254fa9de600
0x00000071fd3fc250:   00000254fc846c10 00007ff98869abf2
0x00000071fd3fc260:   0000000000000000 0000000000000000
0x00000071fd3fc270:   0000000000000000 0000000000000000
0x00000071fd3fc280:   00000071fd3fe7f0 0000000000000200
0x00000071fd3fc290:   00000254fc846c80 0000000000000000
0x00000071fd3fc2a0:   00000254fc846c10 00000254fa6ce970
0x00000071fd3fc2b0:   00000071fd3fc3c0 00007ff98869d648
0x00000071fd3fc2c0:   0000000000000000 00000071fd3fc348
0x00000071fd3fc2d0:   00000071fd3fc360 00000071fd3fc330
0x00000071fd3fc2e0:   00000071fd3fc3d0 00007ff9e15b920e
0x00000071fd3fc2f0:   0000025400000800 00007ff900002343
0x00000071fd3fc300:   00000254fae7d2a8 0000020000000100
0x00000071fd3fc310:   0000000400000004 0000010000000200
0x00000071fd3fc320:   00000000000001d6 00000254fc654200
0x00000071fd3fc330:   000000400000002b 00000254fc654000
0x00000071fd3fc340:   0000000000000000 00000800000004cf
0x00000071fd3fc350:   00000254fc52f080 0000000000000000
0x00000071fd3fc360:   000000100000000f 00000254fc654200 

Instructions: (pc=0x00007ff98869eac8)
0x00007ff98869e9c8:   49 8b 47 28 8b 51 28 48 8b 48 10 48 8b 14 d1 48
0x00007ff98869e9d8:   3b 15 9a 34 9d 00 74 1a 45 33 c9 45 33 c0 49 8b
0x00007ff98869e9e8:   cd e8 72 f8 f4 ff 39 38 0f 84 e5 fe ff ff 4c 8b
0x00007ff98869e9f8:   45 d8 49 8b 40 08 48 8b 58 08 48 89 5d d8 e9 f0
0x00007ff98869ea08:   fd ff ff 45 33 c9 45 33 c0 48 8b d0 49 8b cd e8
0x00007ff98869ea18:   44 f8 f4 ff 8b 7d 58 39 38 0f 84 08 ff ff ff 4c
0x00007ff98869ea28:   8b 4d 60 44 8b c7 48 8b 4d 48 48 8b d3 e8 56 1f
0x00007ff98869ea38:   00 00 48 8b d8 eb 02 33 c0 48 83 c4 48 41 5f 41
0x00007ff98869ea48:   5e 41 5d 41 5c 5f 5e 5b 5d c3 cc cc cc cc cc cc
0x00007ff98869ea58:   cc cc cc cc cc cc cc cc 4c 89 44 24 18 48 89 54
0x00007ff98869ea68:   24 10 48 89 4c 24 08 53 55 56 57 41 55 41 56 41
0x00007ff98869ea78:   57 48 83 ec 40 48 8b f2 4c 8b e9 bb 02 00 00 00
0x00007ff98869ea88:   ba 08 00 00 00 8b cb e8 7c ff 09 00 0f 57 c0 33
0x00007ff98869ea98:   ff 4c 8b f0 0f 11 00 48 63 0e 48 89 8c 24 98 00
0x00007ff98869eaa8:   00 00 48 85 c9 0f 8e 82 04 00 00 4c 89 64 24 38
0x00007ff98869eab8:   45 33 e4 0f 1f 44 00 00 48 8b 46 08 4e 8b 2c e0
0x00007ff98869eac8:   41 80 7d 32 02 73 0b 41 80 7d 33 02 0f 82 cf 00
0x00007ff98869ead8:   00 00 8d 6f 01 3b fb 0f 85 bb 00 00 00 85 ed 7e
0x00007ff98869eae8:   08 85 fd 75 04 8b dd eb 0c 0f bd cd bb 01 00 00
0x00007ff98869eaf8:   00 ff c1 d3 e3 ba 08 00 00 00 8b cb e8 07 ff 09
0x00007ff98869eb08:   00 33 d2 33 f6 4c 8b f8 85 ff 7e 5d 83 ff 02 72
0x00007ff98869eb18:   32 8d 4d fe 4c 63 c1 4a 8d 04 c0 4b 8d 0c c6 4c
0x00007ff98869eb28:   3b f0 77 05 49 3b cf 73 1a 4c 63 c7 49 8b d6 49
0x00007ff98869eb38:   c1 e0 03 49 8b cf e8 dd 95 64 00 ff c6 3b f7 7c
0x00007ff98869eb48:   fa eb 26 8b c7 49 8d 0c d7 2b c6 4d 2b f7 8b d0
0x00007ff98869eb58:   03 f0 66 0f 1f 44 00 00 49 8b 04 0e 48 89 01 48
0x00007ff98869eb68:   8d 49 08 48 83 ea 01 75 ef 3b f3 7d 18 48 63 c6
0x00007ff98869eb78:   44 8b c3 44 2b c6 33 d2 49 c1 e0 03 49 8d 0c c7
0x00007ff98869eb88:   e8 a5 95 64 00 48 8b 8c 24 98 00 00 00 4d 8b f7
0x00007ff98869eb98:   48 8b b4 24 88 00 00 00 48 63 c7 8b fd 4d 89 2c
0x00007ff98869eba8:   c6 49 ff c4 4c 3b e1 0f 8c 0b ff ff ff 85 ff 0f
0x00007ff98869ebb8:   8e 6b 03 00 00 0f 1f 00 48 8b ac 24 80 00 00 00 


Stack slot to memory mapping:

stack at sp + 0 slots: 0x0000000000000020 is an unknown value
stack at sp + 1 slots: 0x00000071fd3fc348 is pointing into the stack for thread: 0x00000254fa290bb0
stack at sp + 2 slots: 0x0 is null
stack at sp + 3 slots: 0x0 is null
stack at sp + 4 slots: 0x0 is null
stack at sp + 5 slots: 0x00007ff98869a229 jvm.dll
stack at sp + 6 slots: 0x0000000000000048 is an unknown value
stack at sp + 7 slots: 0x0 is null


---------------  P R O C E S S  ---------------

Threads class SMR info:
_java_thread_list=0x00000254fb5ddd60, length=15, elements={
0x000002549ae86a80, 0x00000254b4f60670, 0x00000254b4f61580, 0x00000254b4f65250,
0x00000254b4f66f30, 0x00000254b4f67980, 0x00000254b4f683d0, 0x00000254b4f78680,
0x00000254b4f79110, 0x00000254fa113130, 0x00000254fa120150, 0x00000254fa290bb0,
0x00000254fb01d570, 0x00000254fb0d6270, 0x00000254fba4b680
}

Java Threads: ( => current thread )
  0x000002549ae86a80 JavaThread "main"                              [_thread_blocked, id=10860, stack(0x00000071fc100000,0x00000071fc200000) (1024K)]
  0x00000254b4f60670 JavaThread "Reference Handler"          daemon [_thread_blocked, id=21072, stack(0x00000071fc900000,0x00000071fca00000) (1024K)]
  0x00000254b4f61580 JavaThread "Finalizer"                  daemon [_thread_blocked, id=17844, stack(0x00000071fca00000,0x00000071fcb00000) (1024K)]
  0x00000254b4f65250 JavaThread "Signal Dispatcher"          daemon [_thread_blocked, id=14900, stack(0x00000071fcb00000,0x00000071fcc00000) (1024K)]
  0x00000254b4f66f30 JavaThread "Attach Listener"            daemon [_thread_blocked, id=16752, stack(0x00000071fcc00000,0x00000071fcd00000) (1024K)]
  0x00000254b4f67980 JavaThread "Service Thread"             daemon [_thread_blocked, id=14412, stack(0x00000071fcd00000,0x00000071fce00000) (1024K)]
  0x00000254b4f683d0 JavaThread "Monitor Deflation Thread"   daemon [_thread_blocked, id=18088, stack(0x00000071fce00000,0x00000071fcf00000) (1024K)]
  0x00000254b4f78680 JavaThread "C2 CompilerThread0"         daemon [_thread_in_native, id=16184, stack(0x00000071fcf00000,0x00000071fd000000) (1024K)]
  0x00000254b4f79110 JavaThread "C1 CompilerThread0"         daemon [_thread_in_vm, id=16212, stack(0x00000071fd000000,0x00000071fd100000) (1024K)]
  0x00000254fa113130 JavaThread "Notification Thread"        daemon [_thread_blocked, id=16844, stack(0x00000071fd100000,0x00000071fd200000) (1024K)]
  0x00000254fa120150 JavaThread "Common-Cleaner"             daemon [_thread_blocked, id=13476, stack(0x00000071fd200000,0x00000071fd300000) (1024K)]
=>0x00000254fa290bb0 JavaThread "C2 CompilerThread1"         daemon [_thread_in_native, id=22892, stack(0x00000071fd300000,0x00000071fd400000) (1024K)]
  0x00000254fb01d570 JavaThread "Thread-0"                          [_thread_blocked, id=17160, stack(0x00000071fd400000,0x00000071fd500000) (1024K)]
  0x00000254fb0d6270 JavaThread "restartedMain"                     [_thread_in_Java, id=4912, stack(0x00000071fd500000,0x00000071fd600000) (1024K)]
  0x00000254fba4b680 JavaThread "C2 CompilerThread2"         daemon [_thread_in_native, id=9568, stack(0x00000071fdf00000,0x00000071fe000000) (1024K)]
Total: 15

Other Threads:
  0x00000254b4f45aa0 VMThread "VM Thread"                           [id=21040, stack(0x00000071fc800000,0x00000071fc900000) (1024K)]
  0x00000254b4f32a40 WatcherThread "VM Periodic Task Thread"        [id=20112, stack(0x00000071fc700000,0x00000071fc800000) (1024K)]
  0x000002549d13ce80 WorkerThread "GC Thread#0"                     [id=15148, stack(0x00000071fc200000,0x00000071fc300000) (1024K)]
  0x00000254fa9631b0 WorkerThread "GC Thread#1"                     [id=11604, stack(0x00000071fd600000,0x00000071fd700000) (1024K)]
  0x00000254faf51890 WorkerThread "GC Thread#2"                     [id=17084, stack(0x00000071fd700000,0x00000071fd800000) (1024K)]
  0x00000254faf51c30 WorkerThread "GC Thread#3"                     [id=1948, stack(0x00000071fd800000,0x00000071fd900000) (1024K)]
  0x00000254faf51fd0 WorkerThread "GC Thread#4"                     [id=14420, stack(0x00000071fd900000,0x00000071fda00000) (1024K)]
  0x00000254faf52370 WorkerThread "GC Thread#5"                     [id=4264, stack(0x00000071fda00000,0x00000071fdb00000) (1024K)]
  0x00000254fb7cf1a0 WorkerThread "GC Thread#6"                     [id=11444, stack(0x00000071fdc00000,0x00000071fdd00000) (1024K)]
  0x00000254fb792b00 WorkerThread "GC Thread#7"                     [id=12136, stack(0x00000071fdd00000,0x00000071fde00000) (1024K)]
  0x000002549d14ebc0 ConcurrentGCThread "G1 Main Marker"            [id=22384, stack(0x00000071fc300000,0x00000071fc400000) (1024K)]
  0x000002549d14f6c0 WorkerThread "G1 Conc#0"                       [id=14140, stack(0x00000071fc400000,0x00000071fc500000) (1024K)]
  0x00000254b4e015e0 ConcurrentGCThread "G1 Refine#0"               [id=15788, stack(0x00000071fc500000,0x00000071fc600000) (1024K)]
  0x00000254b4e01f60 ConcurrentGCThread "G1 Service"                [id=13392, stack(0x00000071fc600000,0x00000071fc700000) (1024K)]
Total: 14

Threads with active compile tasks:
C2 CompilerThread0  2382 2862   !   4       jdk.internal.loader.BuiltinClassLoader::loadClassOrNull (143 bytes)
C1 CompilerThread0  2382 2891       3       java.lang.reflect.Proxy::getProxyConstructor (92 bytes)
C2 CompilerThread1  2382 2663       4       java.lang.invoke.MethodType::methodType (69 bytes)
C2 CompilerThread2  2382 2830   !   4       java.util.zip.InflaterInputStream::read (129 bytes)
Total: 4

VM state: not at safepoint (normal execution)

VM Mutex/Monitor currently owned by a thread: None

Heap address: 0x0000000082000000, size: 2016 MB, Compressed Oops mode: 32-bit

CDS archive(s) mapped at: [0x00000254b5000000-0x00000254b5c80000-0x00000254b5c80000), size 13107200, SharedBaseAddress: 0x00000254b5000000, ArchiveRelocationMode: 1.
Compressed class space mapped at: 0x00000254b6000000-0x00000254f6000000, reserved size: 1073741824
Narrow klass base: 0x00000254b5000000, Narrow klass shift: 0, Narrow klass range: 0x100000000

GC Precious Log:
 CardTable entry size: 512
 Card Set container configuration: InlinePtr #cards 5 size 8 Array Of Cards #cards 12 size 40 Howl #buckets 4 coarsen threshold 1843 Howl Bitmap #cards 512 size 80 coarsen threshold 460 Card regions per heap region 1 cards per card region 2048
 CPUs: 8 total, 8 available
 Memory: 8058M
 Large Page Support: Disabled
 NUMA Support: Disabled
 Compressed Oops: Enabled (32-bit)
 Heap Region Size: 1M
 Heap Min Capacity: 8M
 Heap Initial Capacity: 126M
 Heap Max Capacity: 2016M
 Pre-touch: Disabled
 Parallel Workers: 8
 Concurrent Workers: 2
 Concurrent Refinement Workers: 8
 Periodic GC: Disabled

Heap:
 garbage-first heap   total 129024K, used 47543K [0x0000000082000000, 0x0000000100000000)
  region size 1024K, 41 young (41984K), 3 survivors (3072K)
 Metaspace       used 19818K, committed 20160K, reserved 1114112K
  class space    used 2364K, committed 2496K, reserved 1048576K

Heap Regions: E=young(eden), S=young(survivor), O=old, HS=humongous(starts), HC=humongous(continues), CS=collection set, F=free, TAMS=top-at-mark-start, PB=parsable bottom
|   0|0x0000000082000000, 0x0000000082100000, 0x0000000082100000|100%|HS|  |TAMS 0x0000000082000000| PB 0x0000000082000000| Complete 
|   1|0x0000000082100000, 0x0000000082200000, 0x0000000082200000|100%| O|  |TAMS 0x0000000082100000| PB 0x0000000082100000| Untracked 
|   2|0x0000000082200000, 0x0000000082300000, 0x0000000082300000|100%| O|  |TAMS 0x0000000082200000| PB 0x0000000082200000| Untracked 
|   3|0x0000000082300000, 0x0000000082400000, 0x0000000082400000|100%| O|  |TAMS 0x0000000082300000| PB 0x0000000082300000| Untracked 
|   4|0x0000000082400000, 0x0000000082500000, 0x0000000082500000|100%| O|  |TAMS 0x0000000082400000| PB 0x0000000082400000| Untracked 
|   5|0x0000000082500000, 0x0000000082600000, 0x0000000082600000|100%| O|  |TAMS 0x0000000082500000| PB 0x0000000082500000| Untracked 
|   6|0x0000000082600000, 0x00000000826b0558, 0x0000000082700000| 68%| O|  |TAMS 0x0000000082600000| PB 0x0000000082600000| Untracked 
|   7|0x0000000082700000, 0x0000000082700000, 0x0000000082800000|  0%| F|  |TAMS 0x0000000082700000| PB 0x0000000082700000| Untracked 
|   8|0x0000000082800000, 0x0000000082800000, 0x0000000082900000|  0%| F|  |TAMS 0x0000000082800000| PB 0x0000000082800000| Untracked 
|   9|0x0000000082900000, 0x0000000082900000, 0x0000000082a00000|  0%| F|  |TAMS 0x0000000082900000| PB 0x0000000082900000| Untracked 
|  10|0x0000000082a00000, 0x0000000082a00000, 0x0000000082b00000|  0%| F|  |TAMS 0x0000000082a00000| PB 0x0000000082a00000| Untracked 
|  11|0x0000000082b00000, 0x0000000082b00000, 0x0000000082c00000|  0%| F|  |TAMS 0x0000000082b00000| PB 0x0000000082b00000| Untracked 
|  12|0x0000000082c00000, 0x0000000082c00000, 0x0000000082d00000|  0%| F|  |TAMS 0x0000000082c00000| PB 0x0000000082c00000| Untracked 
|  13|0x0000000082d00000, 0x0000000082d00000, 0x0000000082e00000|  0%| F|  |TAMS 0x0000000082d00000| PB 0x0000000082d00000| Untracked 
|  14|0x0000000082e00000, 0x0000000082e00000, 0x0000000082f00000|  0%| F|  |TAMS 0x0000000082e00000| PB 0x0000000082e00000| Untracked 
|  15|0x0000000082f00000, 0x0000000082f00000, 0x0000000083000000|  0%| F|  |TAMS 0x0000000082f00000| PB 0x0000000082f00000| Untracked 
|  16|0x0000000083000000, 0x0000000083000000, 0x0000000083100000|  0%| F|  |TAMS 0x0000000083000000| PB 0x0000000083000000| Untracked 
|  17|0x0000000083100000, 0x0000000083100000, 0x0000000083200000|  0%| F|  |TAMS 0x0000000083100000| PB 0x0000000083100000| Untracked 
|  18|0x0000000083200000, 0x0000000083200000, 0x0000000083300000|  0%| F|  |TAMS 0x0000000083200000| PB 0x0000000083200000| Untracked 
|  19|0x0000000083300000, 0x0000000083300000, 0x0000000083400000|  0%| F|  |TAMS 0x0000000083300000| PB 0x0000000083300000| Untracked 
|  20|0x0000000083400000, 0x0000000083400000, 0x0000000083500000|  0%| F|  |TAMS 0x0000000083400000| PB 0x0000000083400000| Untracked 
|  21|0x0000000083500000, 0x0000000083500000, 0x0000000083600000|  0%| F|  |TAMS 0x0000000083500000| PB 0x0000000083500000| Untracked 
|  22|0x0000000083600000, 0x0000000083600000, 0x0000000083700000|  0%| F|  |TAMS 0x0000000083600000| PB 0x0000000083600000| Untracked 
|  23|0x0000000083700000, 0x0000000083700000, 0x0000000083800000|  0%| F|  |TAMS 0x0000000083700000| PB 0x0000000083700000| Untracked 
|  24|0x0000000083800000, 0x0000000083800000, 0x0000000083900000|  0%| F|  |TAMS 0x0000000083800000| PB 0x0000000083800000| Untracked 
|  25|0x0000000083900000, 0x0000000083900000, 0x0000000083a00000|  0%| F|  |TAMS 0x0000000083900000| PB 0x0000000083900000| Untracked 
|  26|0x0000000083a00000, 0x0000000083a00000, 0x0000000083b00000|  0%| F|  |TAMS 0x0000000083a00000| PB 0x0000000083a00000| Untracked 
|  27|0x0000000083b00000, 0x0000000083b00000, 0x0000000083c00000|  0%| F|  |TAMS 0x0000000083b00000| PB 0x0000000083b00000| Untracked 
|  28|0x0000000083c00000, 0x0000000083c00000, 0x0000000083d00000|  0%| F|  |TAMS 0x0000000083c00000| PB 0x0000000083c00000| Untracked 
|  29|0x0000000083d00000, 0x0000000083d00000, 0x0000000083e00000|  0%| F|  |TAMS 0x0000000083d00000| PB 0x0000000083d00000| Untracked 
|  30|0x0000000083e00000, 0x0000000083e00000, 0x0000000083f00000|  0%| F|  |TAMS 0x0000000083e00000| PB 0x0000000083e00000| Untracked 
|  31|0x0000000083f00000, 0x0000000083f00000, 0x0000000084000000|  0%| F|  |TAMS 0x0000000083f00000| PB 0x0000000083f00000| Untracked 
|  32|0x0000000084000000, 0x0000000084000000, 0x0000000084100000|  0%| F|  |TAMS 0x0000000084000000| PB 0x0000000084000000| Untracked 
|  33|0x0000000084100000, 0x0000000084100000, 0x0000000084200000|  0%| F|  |TAMS 0x0000000084100000| PB 0x0000000084100000| Untracked 
|  34|0x0000000084200000, 0x0000000084200000, 0x0000000084300000|  0%| F|  |TAMS 0x0000000084200000| PB 0x0000000084200000| Untracked 
|  35|0x0000000084300000, 0x0000000084300000, 0x0000000084400000|  0%| F|  |TAMS 0x0000000084300000| PB 0x0000000084300000| Untracked 
|  36|0x0000000084400000, 0x0000000084400000, 0x0000000084500000|  0%| F|  |TAMS 0x0000000084400000| PB 0x0000000084400000| Untracked 
|  37|0x0000000084500000, 0x0000000084500000, 0x0000000084600000|  0%| F|  |TAMS 0x0000000084500000| PB 0x0000000084500000| Untracked 
|  38|0x0000000084600000, 0x0000000084600000, 0x0000000084700000|  0%| F|  |TAMS 0x0000000084600000| PB 0x0000000084600000| Untracked 
|  39|0x0000000084700000, 0x0000000084700000, 0x0000000084800000|  0%| F|  |TAMS 0x0000000084700000| PB 0x0000000084700000| Untracked 
|  40|0x0000000084800000, 0x0000000084800000, 0x0000000084900000|  0%| F|  |TAMS 0x0000000084800000| PB 0x0000000084800000| Untracked 
|  41|0x0000000084900000, 0x0000000084900000, 0x0000000084a00000|  0%| F|  |TAMS 0x0000000084900000| PB 0x0000000084900000| Untracked 
|  42|0x0000000084a00000, 0x0000000084a00000, 0x0000000084b00000|  0%| F|  |TAMS 0x0000000084a00000| PB 0x0000000084a00000| Untracked 
|  43|0x0000000084b00000, 0x0000000084b00000, 0x0000000084c00000|  0%| F|  |TAMS 0x0000000084b00000| PB 0x0000000084b00000| Untracked 
|  44|0x0000000084c00000, 0x0000000084c00000, 0x0000000084d00000|  0%| F|  |TAMS 0x0000000084c00000| PB 0x0000000084c00000| Untracked 
|  45|0x0000000084d00000, 0x0000000084d00000, 0x0000000084e00000|  0%| F|  |TAMS 0x0000000084d00000| PB 0x0000000084d00000| Untracked 
|  46|0x0000000084e00000, 0x0000000084e00000, 0x0000000084f00000|  0%| F|  |TAMS 0x0000000084e00000| PB 0x0000000084e00000| Untracked 
|  47|0x0000000084f00000, 0x0000000084f00000, 0x0000000085000000|  0%| F|  |TAMS 0x0000000084f00000| PB 0x0000000084f00000| Untracked 
|  48|0x0000000085000000, 0x0000000085000000, 0x0000000085100000|  0%| F|  |TAMS 0x0000000085000000| PB 0x0000000085000000| Untracked 
|  49|0x0000000085100000, 0x0000000085100000, 0x0000000085200000|  0%| F|  |TAMS 0x0000000085100000| PB 0x0000000085100000| Untracked 
|  50|0x0000000085200000, 0x0000000085200000, 0x0000000085300000|  0%| F|  |TAMS 0x0000000085200000| PB 0x0000000085200000| Untracked 
|  51|0x0000000085300000, 0x0000000085300000, 0x0000000085400000|  0%| F|  |TAMS 0x0000000085300000| PB 0x0000000085300000| Untracked 
|  52|0x0000000085400000, 0x0000000085400000, 0x0000000085500000|  0%| F|  |TAMS 0x0000000085400000| PB 0x0000000085400000| Untracked 
|  53|0x0000000085500000, 0x0000000085500000, 0x0000000085600000|  0%| F|  |TAMS 0x0000000085500000| PB 0x0000000085500000| Untracked 
|  54|0x0000000085600000, 0x0000000085600000, 0x0000000085700000|  0%| F|  |TAMS 0x0000000085600000| PB 0x0000000085600000| Untracked 
|  55|0x0000000085700000, 0x0000000085700000, 0x0000000085800000|  0%| F|  |TAMS 0x0000000085700000| PB 0x0000000085700000| Untracked 
|  56|0x0000000085800000, 0x0000000085800000, 0x0000000085900000|  0%| F|  |TAMS 0x0000000085800000| PB 0x0000000085800000| Untracked 
|  57|0x0000000085900000, 0x0000000085900000, 0x0000000085a00000|  0%| F|  |TAMS 0x0000000085900000| PB 0x0000000085900000| Untracked 
|  58|0x0000000085a00000, 0x0000000085a00000, 0x0000000085b00000|  0%| F|  |TAMS 0x0000000085a00000| PB 0x0000000085a00000| Untracked 
|  59|0x0000000085b00000, 0x0000000085b00000, 0x0000000085c00000|  0%| F|  |TAMS 0x0000000085b00000| PB 0x0000000085b00000| Untracked 
|  60|0x0000000085c00000, 0x0000000085c00000, 0x0000000085d00000|  0%| F|  |TAMS 0x0000000085c00000| PB 0x0000000085c00000| Untracked 
|  61|0x0000000085d00000, 0x0000000085d00000, 0x0000000085e00000|  0%| F|  |TAMS 0x0000000085d00000| PB 0x0000000085d00000| Untracked 
|  62|0x0000000085e00000, 0x0000000085e00000, 0x0000000085f00000|  0%| F|  |TAMS 0x0000000085e00000| PB 0x0000000085e00000| Untracked 
|  63|0x0000000085f00000, 0x0000000085f00000, 0x0000000086000000|  0%| F|  |TAMS 0x0000000085f00000| PB 0x0000000085f00000| Untracked 
|  64|0x0000000086000000, 0x0000000086000000, 0x0000000086100000|  0%| F|  |TAMS 0x0000000086000000| PB 0x0000000086000000| Untracked 
|  65|0x0000000086100000, 0x0000000086100000, 0x0000000086200000|  0%| F|  |TAMS 0x0000000086100000| PB 0x0000000086100000| Untracked 
|  66|0x0000000086200000, 0x0000000086200000, 0x0000000086300000|  0%| F|  |TAMS 0x0000000086200000| PB 0x0000000086200000| Untracked 
|  67|0x0000000086300000, 0x0000000086300000, 0x0000000086400000|  0%| F|  |TAMS 0x0000000086300000| PB 0x0000000086300000| Untracked 
|  68|0x0000000086400000, 0x0000000086400000, 0x0000000086500000|  0%| F|  |TAMS 0x0000000086400000| PB 0x0000000086400000| Untracked 
|  69|0x0000000086500000, 0x0000000086500000, 0x0000000086600000|  0%| F|  |TAMS 0x0000000086500000| PB 0x0000000086500000| Untracked 
|  70|0x0000000086600000, 0x0000000086600000, 0x0000000086700000|  0%| F|  |TAMS 0x0000000086600000| PB 0x0000000086600000| Untracked 
|  71|0x0000000086700000, 0x0000000086700000, 0x0000000086800000|  0%| F|  |TAMS 0x0000000086700000| PB 0x0000000086700000| Untracked 
|  72|0x0000000086800000, 0x0000000086800000, 0x0000000086900000|  0%| F|  |TAMS 0x0000000086800000| PB 0x0000000086800000| Untracked 
|  73|0x0000000086900000, 0x0000000086900000, 0x0000000086a00000|  0%| F|  |TAMS 0x0000000086900000| PB 0x0000000086900000| Untracked 
|  74|0x0000000086a00000, 0x0000000086a00000, 0x0000000086b00000|  0%| F|  |TAMS 0x0000000086a00000| PB 0x0000000086a00000| Untracked 
|  75|0x0000000086b00000, 0x0000000086b00000, 0x0000000086c00000|  0%| F|  |TAMS 0x0000000086b00000| PB 0x0000000086b00000| Untracked 
|  76|0x0000000086c00000, 0x0000000086c00000, 0x0000000086d00000|  0%| F|  |TAMS 0x0000000086c00000| PB 0x0000000086c00000| Untracked 
|  77|0x0000000086d00000, 0x0000000086d00000, 0x0000000086e00000|  0%| F|  |TAMS 0x0000000086d00000| PB 0x0000000086d00000| Untracked 
|  78|0x0000000086e00000, 0x0000000086e00000, 0x0000000086f00000|  0%| F|  |TAMS 0x0000000086e00000| PB 0x0000000086e00000| Untracked 
|  79|0x0000000086f00000, 0x0000000086f00000, 0x0000000087000000|  0%| F|  |TAMS 0x0000000086f00000| PB 0x0000000086f00000| Untracked 
|  80|0x0000000087000000, 0x0000000087000000, 0x0000000087100000|  0%| F|  |TAMS 0x0000000087000000| PB 0x0000000087000000| Untracked 
|  81|0x0000000087100000, 0x0000000087100000, 0x0000000087200000|  0%| F|  |TAMS 0x0000000087100000| PB 0x0000000087100000| Untracked 
|  82|0x0000000087200000, 0x0000000087200000, 0x0000000087300000|  0%| F|  |TAMS 0x0000000087200000| PB 0x0000000087200000| Untracked 
|  83|0x0000000087300000, 0x0000000087300000, 0x0000000087400000|  0%| F|  |TAMS 0x0000000087300000| PB 0x0000000087300000| Untracked 
|  84|0x0000000087400000, 0x0000000087400000, 0x0000000087500000|  0%| F|  |TAMS 0x0000000087400000| PB 0x0000000087400000| Untracked 
|  85|0x0000000087500000, 0x0000000087600000, 0x0000000087600000|100%| E|  |TAMS 0x0000000087500000| PB 0x0000000087500000| Complete 
|  86|0x0000000087600000, 0x0000000087700000, 0x0000000087700000|100%| E|CS|TAMS 0x0000000087600000| PB 0x0000000087600000| Complete 
|  87|0x0000000087700000, 0x0000000087800000, 0x0000000087800000|100%| E|CS|TAMS 0x0000000087700000| PB 0x0000000087700000| Complete 
|  88|0x0000000087800000, 0x0000000087900000, 0x0000000087900000|100%| E|CS|TAMS 0x0000000087800000| PB 0x0000000087800000| Complete 
|  89|0x0000000087900000, 0x0000000087a00000, 0x0000000087a00000|100%| E|CS|TAMS 0x0000000087900000| PB 0x0000000087900000| Complete 
|  90|0x0000000087a00000, 0x0000000087b00000, 0x0000000087b00000|100%| E|CS|TAMS 0x0000000087a00000| PB 0x0000000087a00000| Complete 
|  91|0x0000000087b00000, 0x0000000087bbda30, 0x0000000087c00000| 74%| S|CS|TAMS 0x0000000087b00000| PB 0x0000000087b00000| Complete 
|  92|0x0000000087c00000, 0x0000000087d00000, 0x0000000087d00000|100%| S|CS|TAMS 0x0000000087c00000| PB 0x0000000087c00000| Complete 
|  93|0x0000000087d00000, 0x0000000087e00000, 0x0000000087e00000|100%| S|CS|TAMS 0x0000000087d00000| PB 0x0000000087d00000| Complete 
|  94|0x0000000087e00000, 0x0000000087f00000, 0x0000000087f00000|100%| E|CS|TAMS 0x0000000087e00000| PB 0x0000000087e00000| Complete 
|  95|0x0000000087f00000, 0x0000000088000000, 0x0000000088000000|100%| E|CS|TAMS 0x0000000087f00000| PB 0x0000000087f00000| Complete 
|  96|0x0000000088000000, 0x0000000088100000, 0x0000000088100000|100%| E|CS|TAMS 0x0000000088000000| PB 0x0000000088000000| Complete 
|  97|0x0000000088100000, 0x0000000088200000, 0x0000000088200000|100%| E|CS|TAMS 0x0000000088100000| PB 0x0000000088100000| Complete 
|  98|0x0000000088200000, 0x0000000088300000, 0x0000000088300000|100%| E|CS|TAMS 0x0000000088200000| PB 0x0000000088200000| Complete 
|  99|0x0000000088300000, 0x0000000088400000, 0x0000000088400000|100%| E|CS|TAMS 0x0000000088300000| PB 0x0000000088300000| Complete 
| 100|0x0000000088400000, 0x0000000088500000, 0x0000000088500000|100%| E|CS|TAMS 0x0000000088400000| PB 0x0000000088400000| Complete 
| 101|0x0000000088500000, 0x0000000088600000, 0x0000000088600000|100%| E|CS|TAMS 0x0000000088500000| PB 0x0000000088500000| Complete 
| 102|0x0000000088600000, 0x0000000088700000, 0x0000000088700000|100%| E|CS|TAMS 0x0000000088600000| PB 0x0000000088600000| Complete 
| 103|0x0000000088700000, 0x0000000088800000, 0x0000000088800000|100%| E|CS|TAMS 0x0000000088700000| PB 0x0000000088700000| Complete 
| 104|0x0000000088800000, 0x0000000088900000, 0x0000000088900000|100%| E|CS|TAMS 0x0000000088800000| PB 0x0000000088800000| Complete 
| 105|0x0000000088900000, 0x0000000088a00000, 0x0000000088a00000|100%| E|CS|TAMS 0x0000000088900000| PB 0x0000000088900000| Complete 
| 106|0x0000000088a00000, 0x0000000088b00000, 0x0000000088b00000|100%| E|CS|TAMS 0x0000000088a00000| PB 0x0000000088a00000| Complete 
| 107|0x0000000088b00000, 0x0000000088c00000, 0x0000000088c00000|100%| E|CS|TAMS 0x0000000088b00000| PB 0x0000000088b00000| Complete 
| 108|0x0000000088c00000, 0x0000000088d00000, 0x0000000088d00000|100%| E|CS|TAMS 0x0000000088c00000| PB 0x0000000088c00000| Complete 
| 109|0x0000000088d00000, 0x0000000088e00000, 0x0000000088e00000|100%| E|CS|TAMS 0x0000000088d00000| PB 0x0000000088d00000| Complete 
| 110|0x0000000088e00000, 0x0000000088f00000, 0x0000000088f00000|100%| E|CS|TAMS 0x0000000088e00000| PB 0x0000000088e00000| Complete 
| 111|0x0000000088f00000, 0x0000000089000000, 0x0000000089000000|100%| E|CS|TAMS 0x0000000088f00000| PB 0x0000000088f00000| Complete 
| 112|0x0000000089000000, 0x0000000089100000, 0x0000000089100000|100%| E|CS|TAMS 0x0000000089000000| PB 0x0000000089000000| Complete 
| 113|0x0000000089100000, 0x0000000089200000, 0x0000000089200000|100%| E|CS|TAMS 0x0000000089100000| PB 0x0000000089100000| Complete 
| 114|0x0000000089200000, 0x0000000089300000, 0x0000000089300000|100%| E|CS|TAMS 0x0000000089200000| PB 0x0000000089200000| Complete 
| 115|0x0000000089300000, 0x0000000089400000, 0x0000000089400000|100%| E|CS|TAMS 0x0000000089300000| PB 0x0000000089300000| Complete 
| 116|0x0000000089400000, 0x0000000089500000, 0x0000000089500000|100%| E|CS|TAMS 0x0000000089400000| PB 0x0000000089400000| Complete 
| 117|0x0000000089500000, 0x0000000089600000, 0x0000000089600000|100%| E|CS|TAMS 0x0000000089500000| PB 0x0000000089500000| Complete 
| 118|0x0000000089600000, 0x0000000089700000, 0x0000000089700000|100%| E|CS|TAMS 0x0000000089600000| PB 0x0000000089600000| Complete 
| 119|0x0000000089700000, 0x0000000089800000, 0x0000000089800000|100%| E|CS|TAMS 0x0000000089700000| PB 0x0000000089700000| Complete 
| 120|0x0000000089800000, 0x0000000089900000, 0x0000000089900000|100%| E|CS|TAMS 0x0000000089800000| PB 0x0000000089800000| Complete 
| 121|0x0000000089900000, 0x0000000089a00000, 0x0000000089a00000|100%| E|CS|TAMS 0x0000000089900000| PB 0x0000000089900000| Complete 
| 122|0x0000000089a00000, 0x0000000089b00000, 0x0000000089b00000|100%| E|CS|TAMS 0x0000000089a00000| PB 0x0000000089a00000| Complete 
| 123|0x0000000089b00000, 0x0000000089c00000, 0x0000000089c00000|100%| E|CS|TAMS 0x0000000089b00000| PB 0x0000000089b00000| Complete 
| 124|0x0000000089c00000, 0x0000000089d00000, 0x0000000089d00000|100%| E|CS|TAMS 0x0000000089c00000| PB 0x0000000089c00000| Complete 
| 125|0x0000000089d00000, 0x0000000089e00000, 0x0000000089e00000|100%| E|CS|TAMS 0x0000000089d00000| PB 0x0000000089d00000| Complete 

Card table byte_map: [0x00000254b01a0000,0x00000254b0590000] _byte_map_base: 0x00000254afd90000

Marking Bits: (CMBitMap*) 0x000002549d13dd90
 Bits: [0x00000254b0590000, 0x00000254b2510000)

Polling page: 0x000002549c8b0000

Metaspace:

Usage:
  Non-class:     17.08 MB used.
      Class:      2.31 MB used.
       Both:     19.40 MB used.

Virtual space:
  Non-class space:       64.00 MB reserved,      17.31 MB ( 27%) committed,  1 nodes.
      Class space:        1.00 GB reserved,       2.44 MB ( <1%) committed,  1 nodes.
             Both:        1.06 GB reserved,      19.75 MB (  2%) committed. 

Chunk freelists:
   Non-Class:  14.73 MB
       Class:  13.58 MB
        Both:  28.31 MB

MaxMetaspaceSize: unlimited
CompressedClassSpaceSize: 1.00 GB
Initial GC threshold: 21.00 MB
Current GC threshold: 21.00 MB
CDS: on
 - commit_granule_bytes: 65536.
 - commit_granule_words: 8192.
 - virtual_space_node_default_size: 8388608.
 - enlarge_chunks_in_place: 1.
 - use_allocation_guard: 0.


Internal statistics:

num_allocs_failed_limit: 0.
num_arena_births: 288.
num_arena_deaths: 0.
num_vsnodes_births: 2.
num_vsnodes_deaths: 0.
num_space_committed: 316.
num_space_uncommitted: 0.
num_chunks_returned_to_freelist: 0.
num_chunks_taken_from_freelist: 990.
num_chunk_merges: 0.
num_chunk_splits: 646.
num_chunks_enlarged: 455.
num_inconsistent_stats: 0.

CodeHeap 'non-profiled nmethods': size=120000Kb used=1192Kb max_used=1192Kb free=118807Kb
 bounds [0x00000254a8550000, 0x00000254a87c0000, 0x00000254afa80000]
CodeHeap 'profiled nmethods': size=120000Kb used=5753Kb max_used=5753Kb free=114246Kb
 bounds [0x00000254a0a80000, 0x00000254a1020000, 0x00000254a7fb0000]
CodeHeap 'non-nmethods': size=5760Kb used=1424Kb max_used=1474Kb free=4335Kb
 bounds [0x00000254a7fb0000, 0x00000254a8220000, 0x00000254a8550000]
 total_blobs=3408 nmethods=2892 adapters=420
 compilation: enabled
              stopped_count=0, restarted_count=0
 full_count=0

Compilation events (20 events):
Event: 2.273 Thread 0x00000254fba4b680 2778       4       java.lang.String::equals (56 bytes)
Event: 2.274 Thread 0x00000254fba4b680 nmethod 2778 0x00000254a8673710 code [0x00000254a86738a0, 0x00000254a8673a78]
Event: 2.275 Thread 0x00000254b4f79110 2779       1       org.springframework.beans.factory.support.AbstractBeanDefinition::isSynthetic (5 bytes)
Event: 2.275 Thread 0x00000254b4f79110 nmethod 2779 0x00000254a8673b10 code [0x00000254a8673ca0, 0x00000254a8673d70]
Event: 2.277 Thread 0x00000254b4f79110 2780       3       org.springframework.util.ClassUtils::isAssignable (84 bytes)
Event: 2.278 Thread 0x00000254b4f79110 nmethod 2780 0x00000254a0fd1910 code [0x00000254a0fd1b60, 0x00000254a0fd23d0]
Event: 2.278 Thread 0x00000254b4f79110 2781       1       org.springframework.beans.factory.support.AbstractBeanDefinition::isAbstract (5 bytes)
Event: 2.278 Thread 0x00000254b4f79110 nmethod 2781 0x00000254a8673e10 code [0x00000254a8673fa0, 0x00000254a8674070]
Event: 2.278 Thread 0x00000254b4f79110 2782       1       org.springframework.beans.factory.support.AbstractBeanDefinition::getFactoryBeanName (5 bytes)
Event: 2.278 Thread 0x00000254b4f79110 nmethod 2782 0x00000254a8674110 code [0x00000254a86742a0, 0x00000254a8674368]
Event: 2.278 Thread 0x00000254b4f79110 2783   !   3       sun.reflect.annotation.AnnotationParser::parseAnnotations (37 bytes)
Event: 2.278 Thread 0x00000254b4f79110 nmethod 2783 0x00000254a0fd2610 code [0x00000254a0fd2800, 0x00000254a0fd2b28]
Event: 2.280 Thread 0x00000254b4f79110 2784       3       org.springframework.beans.factory.support.AbstractBeanFactory::getMergedLocalBeanDefinition (38 bytes)
Event: 2.280 Thread 0x00000254b4f79110 nmethod 2784 0x00000254a0fd2c90 code [0x00000254a0fd2e80, 0x00000254a0fd33f0]
Event: 2.280 Thread 0x00000254b4f79110 2786       3       sun.reflect.annotation.AnnotationParser::parseConst (209 bytes)
Event: 2.282 Thread 0x00000254b4f79110 nmethod 2786 0x00000254a0fd3590 code [0x00000254a0fd39e0, 0x00000254a0fd5340]
Event: 2.282 Thread 0x00000254b4f79110 2785       3       org.springframework.util.ClassUtils::getShortName (8 bytes)
Event: 2.282 Thread 0x00000254b4f79110 nmethod 2785 0x00000254a0fd5c90 code [0x00000254a0fd5e80, 0x00000254a0fd6198]
Event: 2.285 Thread 0x00000254b4f79110 2787       3       java.lang.invoke.MethodType::methodType (7 bytes)
Event: 2.285 Thread 0x00000254b4f79110 nmethod 2787 0x00000254a0fd6310 code [0x00000254a0fd64c0, 0x00000254a0fd65e0]

GC Heap History (4 events):
Event: 0.886 GC heap before
{Heap before GC invocations=0 (full 0):
 garbage-first heap   total 129024K, used 23552K [0x0000000082000000, 0x0000000100000000)
  region size 1024K, 23 young (23552K), 0 survivors (0K)
 Metaspace       used 5424K, committed 5696K, reserved 1114112K
  class space    used 615K, committed 768K, reserved 1048576K
}
Event: 0.891 GC heap after
{Heap after GC invocations=1 (full 0):
 garbage-first heap   total 129024K, used 6826K [0x0000000082000000, 0x0000000100000000)
  region size 1024K, 3 young (3072K), 3 survivors (3072K)
 Metaspace       used 5424K, committed 5696K, reserved 1114112K
  class space    used 615K, committed 768K, reserved 1048576K
}
Event: 1.580 GC heap before
{Heap before GC invocations=1 (full 0):
 garbage-first heap   total 129024K, used 36522K [0x0000000082000000, 0x0000000100000000)
  region size 1024K, 32 young (32768K), 3 survivors (3072K)
 Metaspace       used 13534K, committed 13824K, reserved 1114112K
  class space    used 1605K, committed 1792K, reserved 1048576K
}
Event: 1.585 GC heap after
{Heap after GC invocations=2 (full 0):
 garbage-first heap   total 129024K, used 9655K [0x0000000082000000, 0x0000000100000000)
  region size 1024K, 3 young (3072K), 3 survivors (3072K)
 Metaspace       used 13534K, committed 13824K, reserved 1114112K
  class space    used 1605K, committed 1792K, reserved 1048576K
}

Dll operation events (9 events):
Event: 0.007 Loaded shared library C:\Users\DEEPU\.p2\pool\plugins\org.eclipse.justj.openjdk.hotspot.jre.full.win32.x86_64_21.0.6.v20250130-0529\jre\bin\java.dll
Event: 0.038 Loaded shared library C:\Users\DEEPU\.p2\pool\plugins\org.eclipse.justj.openjdk.hotspot.jre.full.win32.x86_64_21.0.6.v20250130-0529\jre\bin\zip.dll
Event: 0.111 Loaded shared library C:\Users\DEEPU\.p2\pool\plugins\org.eclipse.justj.openjdk.hotspot.jre.full.win32.x86_64_21.0.6.v20250130-0529\jre\bin\net.dll
Event: 0.114 Loaded shared library C:\Users\DEEPU\.p2\pool\plugins\org.eclipse.justj.openjdk.hotspot.jre.full.win32.x86_64_21.0.6.v20250130-0529\jre\bin\nio.dll
Event: 0.118 Loaded shared library C:\Users\DEEPU\.p2\pool\plugins\org.eclipse.justj.openjdk.hotspot.jre.full.win32.x86_64_21.0.6.v20250130-0529\jre\bin\zip.dll
Event: 0.231 Loaded shared library C:\Users\DEEPU\.p2\pool\plugins\org.eclipse.justj.openjdk.hotspot.jre.full.win32.x86_64_21.0.6.v20250130-0529\jre\bin\jimage.dll
Event: 0.717 Loaded shared library C:\Users\DEEPU\.p2\pool\plugins\org.eclipse.justj.openjdk.hotspot.jre.full.win32.x86_64_21.0.6.v20250130-0529\jre\bin\management.dll
Event: 0.719 Loaded shared library C:\Users\DEEPU\.p2\pool\plugins\org.eclipse.justj.openjdk.hotspot.jre.full.win32.x86_64_21.0.6.v20250130-0529\jre\bin\management_ext.dll
Event: 1.765 Loaded shared library C:\Users\DEEPU\.p2\pool\plugins\org.eclipse.justj.openjdk.hotspot.jre.full.win32.x86_64_21.0.6.v20250130-0529\jre\bin\sunmscapi.dll

Deoptimization events (20 events):
Event: 2.266 Thread 0x00000254fb0d6270 Uncommon trap: trap_request=0xffffffde fr.pc=0x00000254a8594cd8 relative=0x00000000000001b8
Event: 2.266 Thread 0x00000254fb0d6270 Uncommon trap: reason=class_check action=maybe_recompile pc=0x00000254a8594cd8 method=java.lang.String.equals(Ljava/lang/Object;)Z @ 8 c2
Event: 2.266 Thread 0x00000254fb0d6270 DEOPT PACKING pc=0x00000254a8594cd8 sp=0x00000071fd5fe670
Event: 2.266 Thread 0x00000254fb0d6270 DEOPT UNPACKING pc=0x00000254a80046a2 sp=0x00000071fd5fe5f8 mode 2
Event: 2.266 Thread 0x00000254fb0d6270 Uncommon trap: trap_request=0xffffffde fr.pc=0x00000254a8594cd8 relative=0x00000000000001b8
Event: 2.266 Thread 0x00000254fb0d6270 Uncommon trap: reason=class_check action=maybe_recompile pc=0x00000254a8594cd8 method=java.lang.String.equals(Ljava/lang/Object;)Z @ 8 c2
Event: 2.266 Thread 0x00000254fb0d6270 DEOPT PACKING pc=0x00000254a8594cd8 sp=0x00000071fd5fe670
Event: 2.266 Thread 0x00000254fb0d6270 DEOPT UNPACKING pc=0x00000254a80046a2 sp=0x00000071fd5fe5f8 mode 2
Event: 2.266 Thread 0x00000254fb0d6270 Uncommon trap: trap_request=0xffffffde fr.pc=0x00000254a8594cd8 relative=0x00000000000001b8
Event: 2.266 Thread 0x00000254fb0d6270 Uncommon trap: reason=class_check action=maybe_recompile pc=0x00000254a8594cd8 method=java.lang.String.equals(Ljava/lang/Object;)Z @ 8 c2
Event: 2.266 Thread 0x00000254fb0d6270 DEOPT PACKING pc=0x00000254a8594cd8 sp=0x00000071fd5fe670
Event: 2.266 Thread 0x00000254fb0d6270 DEOPT UNPACKING pc=0x00000254a80046a2 sp=0x00000071fd5fe5f8 mode 2
Event: 2.267 Thread 0x00000254fb0d6270 Uncommon trap: trap_request=0xffffffde fr.pc=0x00000254a865fac8 relative=0x00000000000004c8
Event: 2.267 Thread 0x00000254fb0d6270 Uncommon trap: reason=class_check action=maybe_recompile pc=0x00000254a865fac8 method=java.lang.String.equals(Ljava/lang/Object;)Z @ 8 c2
Event: 2.267 Thread 0x00000254fb0d6270 DEOPT PACKING pc=0x00000254a865fac8 sp=0x00000071fd5fe3e0
Event: 2.267 Thread 0x00000254fb0d6270 DEOPT UNPACKING pc=0x00000254a80046a2 sp=0x00000071fd5fe298 mode 2
Event: 2.267 Thread 0x00000254fb0d6270 Uncommon trap: trap_request=0xffffffde fr.pc=0x00000254a8594cd8 relative=0x00000000000001b8
Event: 2.267 Thread 0x00000254fb0d6270 Uncommon trap: reason=class_check action=maybe_recompile pc=0x00000254a8594cd8 method=java.lang.String.equals(Ljava/lang/Object;)Z @ 8 c2
Event: 2.267 Thread 0x00000254fb0d6270 DEOPT PACKING pc=0x00000254a8594cd8 sp=0x00000071fd5fe320
Event: 2.267 Thread 0x00000254fb0d6270 DEOPT UNPACKING pc=0x00000254a80046a2 sp=0x00000071fd5fe2a8 mode 2

Classes loaded (20 events):
Event: 1.797 Loading class com/sun/crypto/provider/SunJCE
Event: 1.797 Loading class com/sun/crypto/provider/SunJCE done
Event: 1.799 Loading class sun/security/provider/certpath/ldap/JdkLDAP
Event: 1.800 Loading class sun/security/provider/certpath/ldap/JdkLDAP done
Event: 1.800 Loading class sun/security/provider/certpath/ldap/JdkLDAP$ProviderService
Event: 1.800 Loading class sun/security/provider/certpath/ldap/JdkLDAP$ProviderService done
Event: 1.800 Loading class com/sun/security/sasl/Provider
Event: 1.800 Loading class com/sun/security/sasl/Provider done
Event: 1.801 Loading class com/sun/security/sasl/Provider$1
Event: 1.801 Loading class com/sun/security/sasl/Provider$1 done
Event: 1.801 Loading class com/sun/security/sasl/Provider$ProviderService
Event: 1.801 Loading class com/sun/security/sasl/Provider$ProviderService done
Event: 1.801 Loading class java/util/AbstractList$Itr
Event: 1.801 Loading class java/util/AbstractList$Itr done
Event: 1.816 Loading class javax/naming/ldap/LdapContext
Event: 1.816 Loading class javax/naming/directory/DirContext
Event: 1.816 Loading class javax/naming/directory/DirContext done
Event: 1.816 Loading class javax/naming/ldap/LdapContext done
Event: 2.057 Loading class java/beans/PropertyVetoException
Event: 2.057 Loading class java/beans/PropertyVetoException done

Classes unloaded (0 events):
No events

Classes redefined (0 events):
No events

Internal exceptions (20 events):
Event: 1.202 Thread 0x00000254fb0d6270 Exception <a 'java/lang/NoSuchMethodError'{0x00000000894546e8}: 'java.lang.Object java.lang.invoke.DirectMethodHandle$Holder.invokeStatic(java.lang.Object, long, java.lang.Object)'> (0x00000000894546e8) 
thrown [s\src\hotspot\share\interpreter\linkResolver.cpp, line 773]
Event: 1.202 Thread 0x00000254fb0d6270 Exception <a 'java/lang/NoSuchMethodError'{0x0000000089457d80}: 'java.lang.Object java.lang.invoke.DirectMethodHandle$Holder.invokeStaticInit(java.lang.Object, long, java.lang.Object)'> (0x0000000089457d80) 
thrown [s\src\hotspot\share\interpreter\linkResolver.cpp, line 773]
Event: 1.203 Thread 0x00000254fb0d6270 Exception <a 'java/lang/NoSuchMethodError'{0x000000008945d668}: 'java.lang.Object java.lang.invoke.DirectMethodHandle$Holder.newInvokeSpecial(java.lang.Object, long)'> (0x000000008945d668) 
thrown [s\src\hotspot\share\interpreter\linkResolver.cpp, line 773]
Event: 1.220 Thread 0x00000254fb0d6270 Exception <a 'java/lang/NoSuchMethodError'{0x00000000894aee78}: 'void java.lang.invoke.DirectMethodHandle$Holder.invokeSpecial(java.lang.Object, java.lang.Object, java.lang.Object, java.lang.Object, java.lang.Object)'> (0x00000000894aee78) 
thrown [s\src\hotspot\share\interpreter\linkResolver.cpp, line 773]
Event: 1.221 Thread 0x00000254fb0d6270 Exception <a 'java/lang/NoSuchMethodError'{0x00000000894b69d0}: 'void java.lang.invoke.DirectMethodHandle$Holder.invokeVirtual(java.lang.Object, java.lang.Object, java.lang.Object, java.lang.Object)'> (0x00000000894b69d0) 
thrown [s\src\hotspot\share\interpreter\linkResolver.cpp, line 773]
Event: 1.283 Thread 0x00000254fb257a90 Exception <a 'java/lang/NoClassDefFoundError'{0x000000008924ec70}: jakarta/validation/Validation> (0x000000008924ec70) 
thrown [s\src\hotspot\share\classfile\systemDictionary.cpp, line 301]
Event: 1.284 Thread 0x00000254fb0d6270 Exception <a 'java/lang/IncompatibleClassChangeError'{0x0000000089215d58}: Found class java.lang.Object, but interface was expected> (0x0000000089215d58) 
thrown [s\src\hotspot\share\interpreter\linkResolver.cpp, line 840]
Event: 1.292 Thread 0x00000254fb0d6270 Exception <a 'java/lang/NoSuchMethodError'{0x000000008922b100}: 'java.lang.Object java.lang.invoke.DirectMethodHandle$Holder.invokeStaticInit(java.lang.Object, int)'> (0x000000008922b100) 
thrown [s\src\hotspot\share\interpreter\linkResolver.cpp, line 773]
Event: 1.295 Thread 0x00000254fb0d6270 Exception <a 'java/lang/NoSuchMethodError'{0x0000000089235600}: 'java.lang.Object java.lang.invoke.DirectMethodHandle$Holder.invokeStatic(java.lang.Object, int, java.lang.Object)'> (0x0000000089235600) 
thrown [s\src\hotspot\share\interpreter\linkResolver.cpp, line 773]
Event: 1.296 Thread 0x00000254fb0d6270 Exception <a 'java/lang/NoSuchMethodError'{0x00000000892b14c0}: 'java.lang.Object java.lang.invoke.DirectMethodHandle$Holder.invokeStaticInit(java.lang.Object, int, java.lang.Object)'> (0x00000000892b14c0) 
thrown [s\src\hotspot\share\interpreter\linkResolver.cpp, line 773]
Event: 1.646 Thread 0x00000254fb0d6270 Exception <a 'java/lang/NoSuchMethodError'{0x0000000089848790}: 'java.lang.Object java.lang.invoke.DirectMethodHandle$Holder.invokeVirtual(java.lang.Object, java.lang.Object, java.lang.Object)'> (0x0000000089848790) 
thrown [s\src\hotspot\share\interpreter\linkResolver.cpp, line 773]
Event: 1.650 Thread 0x00000254fb0d6270 Exception <a 'java/lang/NoSuchMethodError'{0x00000000897634c0}: 'int java.lang.invoke.DirectMethodHandle$Holder.invokeSpecial(java.lang.Object, java.lang.Object, java.lang.Object, java.lang.Object, java.lang.Object)'> (0x00000000897634c0) 
thrown [s\src\hotspot\share\interpreter\linkResolver.cpp, line 773]
Event: 1.652 Thread 0x00000254fb0d6270 Exception <a 'java/lang/NoSuchMethodError'{0x000000008976b9c0}: 'void java.lang.invoke.DirectMethodHandle$Holder.invokeVirtual(java.lang.Object, java.lang.Object)'> (0x000000008976b9c0) 
thrown [s\src\hotspot\share\interpreter\linkResolver.cpp, line 773]
Event: 1.661 Thread 0x00000254fb257a90 Exception <a 'java/lang/NoSuchMethodError'{0x0000000089665130}: 'long java.lang.invoke.DirectMethodHandle$Holder.invokeSpecial(java.lang.Object, java.lang.Object)'> (0x0000000089665130) 
thrown [s\src\hotspot\share\interpreter\linkResolver.cpp, line 773]
Event: 1.662 Thread 0x00000254fb257a90 Exception <a 'java/lang/NoSuchMethodError'{0x000000008966efa0}: 'long java.lang.invoke.DirectMethodHandle$Holder.invokeStatic(java.lang.Object, java.lang.Object)'> (0x000000008966efa0) 
thrown [s\src\hotspot\share\interpreter\linkResolver.cpp, line 773]
Event: 1.663 Thread 0x00000254fb257a90 Exception <a 'java/lang/NoSuchMethodError'{0x0000000089672348}: 'long java.lang.invoke.DirectMethodHandle$Holder.invokeStaticInit(java.lang.Object, java.lang.Object)'> (0x0000000089672348) 
thrown [s\src\hotspot\share\interpreter\linkResolver.cpp, line 773]
Event: 1.664 Thread 0x00000254fb257a90 Exception <a 'java/lang/NoSuchMethodError'{0x000000008967e840}: 'long java.lang.invoke.DirectMethodHandle$Holder.invokeInterface(java.lang.Object, java.lang.Object)'> (0x000000008967e840) 
thrown [s\src\hotspot\share\interpreter\linkResolver.cpp, line 773]
Event: 1.665 Thread 0x00000254fb257a90 Exception <a 'java/lang/IncompatibleClassChangeError'{0x0000000089681b10}: Found class java.lang.Object, but interface was expected> (0x0000000089681b10) 
thrown [s\src\hotspot\share\interpreter\linkResolver.cpp, line 840]
Event: 1.676 Thread 0x00000254fb257a90 Exception <a 'java/lang/NoSuchMethodError'{0x000000008953d028}: 'java.lang.Object java.lang.invoke.DirectMethodHandle$Holder.invokeVirtual(java.lang.Object, java.lang.Object, java.lang.Object, java.lang.Object)'> (0x000000008953d028) 
thrown [s\src\hotspot\share\interpreter\linkResolver.cpp, line 773]
Event: 1.859 Thread 0x00000254fb0d6270 Exception <a 'java/lang/IncompatibleClassChangeError'{0x0000000088bac1e8}: Found class java.lang.Object, but interface was expected> (0x0000000088bac1e8) 
thrown [s\src\hotspot\share\interpreter\linkResolver.cpp, line 840]

ZGC Phase Switch (0 events):
No events

VM Operations (20 events):
Event: 1.297 Executing VM operation: HandshakeAllThreads (Deoptimize)
Event: 1.297 Executing VM operation: HandshakeAllThreads (Deoptimize) done
Event: 1.321 Executing VM operation: ICBufferFull
Event: 1.321 Executing VM operation: ICBufferFull done
Event: 1.469 Executing VM operation: HandshakeAllThreads (Deoptimize)
Event: 1.469 Executing VM operation: HandshakeAllThreads (Deoptimize) done
Event: 1.566 Executing VM operation: HandshakeAllThreads (Deoptimize)
Event: 1.566 Executing VM operation: HandshakeAllThreads (Deoptimize) done
Event: 1.580 Executing VM operation: G1CollectForAllocation (G1 Evacuation Pause)
Event: 1.585 Executing VM operation: G1CollectForAllocation (G1 Evacuation Pause) done
Event: 1.633 Executing VM operation: HandshakeAllThreads (Deoptimize)
Event: 1.633 Executing VM operation: HandshakeAllThreads (Deoptimize) done
Event: 1.731 Executing VM operation: HandshakeAllThreads (Deoptimize)
Event: 1.731 Executing VM operation: HandshakeAllThreads (Deoptimize) done
Event: 1.786 Executing VM operation: HandshakeAllThreads (Deoptimize)
Event: 1.786 Executing VM operation: HandshakeAllThreads (Deoptimize) done
Event: 1.961 Executing VM operation: ICBufferFull
Event: 1.961 Executing VM operation: ICBufferFull done
Event: 2.242 Executing VM operation: ICBufferFull
Event: 2.242 Executing VM operation: ICBufferFull done

Memory protections (0 events):
No events

Nmethod flushes (0 events):
No events

Events (19 events):
Event: 0.024 Thread 0x000002549ae86a80 Thread added: 0x000002549ae86a80
Event: 0.040 Thread 0x000002549ae86a80 Thread added: 0x00000254b4f60670
Event: 0.040 Thread 0x000002549ae86a80 Thread added: 0x00000254b4f61580
Event: 0.040 Thread 0x000002549ae86a80 Thread added: 0x00000254b4f65250
Event: 0.040 Thread 0x000002549ae86a80 Thread added: 0x00000254b4f66f30
Event: 0.040 Thread 0x000002549ae86a80 Thread added: 0x00000254b4f67980
Event: 0.040 Thread 0x000002549ae86a80 Thread added: 0x00000254b4f683d0
Event: 0.040 Thread 0x000002549ae86a80 Thread added: 0x00000254b4f78680
Event: 0.040 Thread 0x000002549ae86a80 Thread added: 0x00000254b4f79110
Event: 0.103 Thread 0x000002549ae86a80 Thread added: 0x00000254fa113130
Event: 0.106 Thread 0x000002549ae86a80 Thread added: 0x00000254fa120150
Event: 0.147 Thread 0x00000254b4f79110 Thread added: 0x00000254fa290bb0
Event: 0.787 Thread 0x000002549ae86a80 Thread added: 0x00000254fb01d570
Event: 0.791 Thread 0x00000254fb01d570 Thread added: 0x00000254fb0d6270
Event: 1.277 Thread 0x00000254fb0d6270 Thread added: 0x00000254fb257a90
Event: 1.768 Thread 0x00000254fb0d6270 Thread added: 0x00000254fb7123e0
Event: 1.795 Thread 0x00000254b4f79110 Thread added: 0x00000254fba4b680
Event: 1.804 Thread 0x00000254fb257a90 Thread exited: 0x00000254fb257a90
Event: 1.847 Thread 0x00000254fb7123e0 Thread exited: 0x00000254fb7123e0


Dynamic libraries:
0x00007ff747830000 - 0x00007ff74783e000 	C:\Users\DEEPU\.p2\pool\plugins\org.eclipse.justj.openjdk.hotspot.jre.full.win32.x86_64_21.0.6.v20250130-0529\jre\bin\javaw.exe
0x00007ff9e3a50000 - 0x00007ff9e3c48000 	C:\Windows\SYSTEM32\ntdll.dll
0x00007ff9e1d70000 - 0x00007ff9e1e32000 	C:\Windows\System32\KERNEL32.DLL
0x00007ff9e1590000 - 0x00007ff9e188f000 	C:\Windows\System32\KERNELBASE.dll
0x00007ff9e10f0000 - 0x00007ff9e11f0000 	C:\Windows\System32\ucrtbase.dll
0x00007ff9c1150000 - 0x00007ff9c1168000 	C:\Users\DEEPU\.p2\pool\plugins\org.eclipse.justj.openjdk.hotspot.jre.full.win32.x86_64_21.0.6.v20250130-0529\jre\bin\jli.dll
0x00007ff9cdb10000 - 0x00007ff9cdb2e000 	C:\Users\DEEPU\.p2\pool\plugins\org.eclipse.justj.openjdk.hotspot.jre.full.win32.x86_64_21.0.6.v20250130-0529\jre\bin\VCRUNTIME140.dll
0x00007ff9e32f0000 - 0x00007ff9e348d000 	C:\Windows\System32\USER32.dll
0x00007ff9e1940000 - 0x00007ff9e1962000 	C:\Windows\System32\win32u.dll
0x00007ff9c6fa0000 - 0x00007ff9c723a000 	C:\Windows\WinSxS\amd64_microsoft.windows.common-controls_6595b64144ccf1df_6.0.19041.4355_none_60b8b9eb71f62e16\COMCTL32.dll
0x00007ff9e29e0000 - 0x00007ff9e2a0b000 	C:\Windows\System32\GDI32.dll
0x00007ff9e1e40000 - 0x00007ff9e1ede000 	C:\Windows\System32\msvcrt.dll
0x00007ff9e1220000 - 0x00007ff9e133a000 	C:\Windows\System32\gdi32full.dll
0x00007ff9e14f0000 - 0x00007ff9e158d000 	C:\Windows\System32\msvcp_win.dll
0x00007ff9e32c0000 - 0x00007ff9e32ef000 	C:\Windows\System32\IMM32.DLL
0x00007ff9db190000 - 0x00007ff9db19c000 	C:\Users\DEEPU\.p2\pool\plugins\org.eclipse.justj.openjdk.hotspot.jre.full.win32.x86_64_21.0.6.v20250130-0529\jre\bin\vcruntime140_1.dll
0x00007ff9b6300000 - 0x00007ff9b638d000 	C:\Users\DEEPU\.p2\pool\plugins\org.eclipse.justj.openjdk.hotspot.jre.full.win32.x86_64_21.0.6.v20250130-0529\jre\bin\msvcp140.dll
0x00007ff9883a0000 - 0x00007ff989130000 	C:\Users\DEEPU\.p2\pool\plugins\org.eclipse.justj.openjdk.hotspot.jre.full.win32.x86_64_21.0.6.v20250130-0529\jre\bin\server\jvm.dll
0x00007ff9e1b90000 - 0x00007ff9e1c3f000 	C:\Windows\System32\ADVAPI32.dll
0x00007ff9e31b0000 - 0x00007ff9e324f000 	C:\Windows\System32\sechost.dll
0x00007ff9e3490000 - 0x00007ff9e35b3000 	C:\Windows\System32\RPCRT4.dll
0x00007ff9e11f0000 - 0x00007ff9e1217000 	C:\Windows\System32\bcrypt.dll
0x00007ff9e3250000 - 0x00007ff9e32bb000 	C:\Windows\System32\WS2_32.dll
0x00007ff9e0f50000 - 0x00007ff9e0f9b000 	C:\Windows\SYSTEM32\POWRPROF.dll
0x00007ff9cd5f0000 - 0x00007ff9cd617000 	C:\Windows\SYSTEM32\WINMM.dll
0x00007ff9da5a0000 - 0x00007ff9da5aa000 	C:\Windows\SYSTEM32\VERSION.dll
0x00007ff9e0f30000 - 0x00007ff9e0f42000 	C:\Windows\SYSTEM32\UMPDC.dll
0x00007ff9df900000 - 0x00007ff9df912000 	C:\Windows\SYSTEM32\kernel.appcore.dll
0x00007ff9d5030000 - 0x00007ff9d503a000 	C:\Users\DEEPU\.p2\pool\plugins\org.eclipse.justj.openjdk.hotspot.jre.full.win32.x86_64_21.0.6.v20250130-0529\jre\bin\jimage.dll
0x00007ff9dedb0000 - 0x00007ff9def94000 	C:\Windows\SYSTEM32\DBGHELP.DLL
0x00007ff9be830000 - 0x00007ff9be864000 	C:\Windows\SYSTEM32\dbgcore.DLL
0x00007ff9e19e0000 - 0x00007ff9e1a62000 	C:\Windows\System32\bcryptPrimitives.dll
0x00007ff9b6510000 - 0x00007ff9b652f000 	C:\Users\DEEPU\.p2\pool\plugins\org.eclipse.justj.openjdk.hotspot.jre.full.win32.x86_64_21.0.6.v20250130-0529\jre\bin\java.dll
0x00007ff9e2a10000 - 0x00007ff9e317d000 	C:\Windows\System32\SHELL32.dll
0x00007ff9defa0000 - 0x00007ff9df744000 	C:\Windows\SYSTEM32\windows.storage.dll
0x00007ff9e1fc0000 - 0x00007ff9e2315000 	C:\Windows\System32\combase.dll
0x00007ff9e0970000 - 0x00007ff9e099b000 	C:\Windows\SYSTEM32\Wldp.dll
0x00007ff9e2800000 - 0x00007ff9e28cd000 	C:\Windows\System32\OLEAUT32.dll
0x00007ff9e28d0000 - 0x00007ff9e297d000 	C:\Windows\System32\SHCORE.dll
0x00007ff9e27a0000 - 0x00007ff9e27f5000 	C:\Windows\System32\shlwapi.dll
0x00007ff9e1020000 - 0x00007ff9e1045000 	C:\Windows\SYSTEM32\profapi.dll
0x00007ff9b64f0000 - 0x00007ff9b6508000 	C:\Users\DEEPU\.p2\pool\plugins\org.eclipse.justj.openjdk.hotspot.jre.full.win32.x86_64_21.0.6.v20250130-0529\jre\bin\zip.dll
0x00007ff9cb5b0000 - 0x00007ff9cb5c0000 	C:\Users\DEEPU\.p2\pool\plugins\org.eclipse.justj.openjdk.hotspot.jre.full.win32.x86_64_21.0.6.v20250130-0529\jre\bin\net.dll
0x00007ff9d7f40000 - 0x00007ff9d804a000 	C:\Windows\SYSTEM32\WINHTTP.dll
0x00007ff9e0750000 - 0x00007ff9e07bc000 	C:\Windows\system32\mswsock.dll
0x00007ff9b19d0000 - 0x00007ff9b19e6000 	C:\Users\DEEPU\.p2\pool\plugins\org.eclipse.justj.openjdk.hotspot.jre.full.win32.x86_64_21.0.6.v20250130-0529\jre\bin\nio.dll
0x00007ff9cdb00000 - 0x00007ff9cdb0a000 	C:\Users\DEEPU\.p2\pool\plugins\org.eclipse.justj.openjdk.hotspot.jre.full.win32.x86_64_21.0.6.v20250130-0529\jre\bin\management.dll
0x00007ff9cda70000 - 0x00007ff9cda7b000 	C:\Users\DEEPU\.p2\pool\plugins\org.eclipse.justj.openjdk.hotspot.jre.full.win32.x86_64_21.0.6.v20250130-0529\jre\bin\management_ext.dll
0x00007ff9e3800000 - 0x00007ff9e3808000 	C:\Windows\System32\PSAPI.DLL
0x00007ff9cfa40000 - 0x00007ff9cfa4e000 	C:\Users\DEEPU\.p2\pool\plugins\org.eclipse.justj.openjdk.hotspot.jre.full.win32.x86_64_21.0.6.v20250130-0529\jre\bin\sunmscapi.dll
0x00007ff9e1390000 - 0x00007ff9e14ec000 	C:\Windows\System32\CRYPT32.dll
0x00007ff9e0ac0000 - 0x00007ff9e0ae7000 	C:\Windows\SYSTEM32\ncrypt.dll
0x00007ff9e0a80000 - 0x00007ff9e0abb000 	C:\Windows\SYSTEM32\NTASN1.dll

dbghelp: loaded successfully - version: 4.0.5 - missing functions: none
symbol engine: initialized successfully - sym options: 0x614 - pdb path: .;C:\Users\DEEPU\.p2\pool\plugins\org.eclipse.justj.openjdk.hotspot.jre.full.win32.x86_64_21.0.6.v20250130-0529\jre\bin;C:\Windows\SYSTEM32;C:\Windows\WinSxS\amd64_microsoft.windows.common-controls_6595b64144ccf1df_6.0.19041.4355_none_60b8b9eb71f62e16;C:\Users\DEEPU\.p2\pool\plugins\org.eclipse.justj.openjdk.hotspot.jre.full.win32.x86_64_21.0.6.v20250130-0529\jre\bin\server

VM Arguments:
jvm_args: -Dfile.encoding=UTF-8 -Dstdout.encoding=UTF-8 -Dstderr.encoding=UTF-8 -XX:+ShowCodeDetailsInExceptionMessages 
java_command: com.klu.sdp_project.SdpProjectApplication
java_class_path (initial): C:\Users\DEEPU\Desktop\project_JFSD\grademate-master\target\classes;C:\Users\DEEPU\.m2\repository\org\springframework\boot\spring-boot-starter-web\3.2.11\spring-boot-starter-web-3.2.11.jar;C:\Users\DEEPU\.m2\repository\org\springframework\boot\spring-boot-starter\3.2.11\spring-boot-starter-3.2.11.jar;C:\Users\DEEPU\.m2\repository\org\springframework\boot\spring-boot-starter-logging\3.2.11\spring-boot-starter-logging-3.2.11.jar;C:\Users\DEEPU\.m2\repository\ch\qos\logback\logback-classic\1.4.14\logback-classic-1.4.14.jar;C:\Users\DEEPU\.m2\repository\ch\qos\logback\logback-core\1.4.14\logback-core-1.4.14.jar;C:\Users\DEEPU\.m2\repository\org\apache\logging\log4j\log4j-to-slf4j\2.21.1\log4j-to-slf4j-2.21.1.jar;C:\Users\DEEPU\.m2\repository\org\apache\logging\log4j\log4j-api\2.21.1\log4j-api-2.21.1.jar;C:\Users\DEEPU\.m2\repository\org\slf4j\jul-to-slf4j\2.0.16\jul-to-slf4j-2.0.16.jar;C:\Users\DEEPU\.m2\repository\jakarta\annotation\jakarta.annotation-api\2.1.1\jakarta.annotation-api-2.1.1.jar;C:\Users\DEEPU\.m2\repository\org\yaml\snakeyaml\2.2\snakeyaml-2.2.jar;C:\Users\DEEPU\.m2\repository\org\springframework\boot\spring-boot-starter-json\3.2.11\spring-boot-starter-json-3.2.11.jar;C:\Users\DEEPU\.m2\repository\com\fasterxml\jackson\core\jackson-databind\2.15.4\jackson-databind-2.15.4.jar;C:\Users\DEEPU\.m2\repository\com\fasterxml\jackson\core\jackson-annotations\2.15.4\jackson-annotations-2.15.4.jar;C:\Users\DEEPU\.m2\repository\com\fasterxml\jackson\core\jackson-core\2.15.4\jackson-core-2.15.4.jar;C:\Users\DEEPU\.m2\repository\com\fasterxml\jackson\datatype\jackson-datatype-jdk8\2.15.4\jackson-datatype-jdk8-2.15.4.jar;C:\Users\DEEPU\.m2\repository\com\fasterxml\jackson\datatype\jackson-datatype-jsr310\2.15.4\jackson-datatype-jsr310-2.15.4.jar;C:\Users\DEEPU\.m2\repository\com\fasterxml\jackson\module\jackson-module-parameter-names\2.15.4\jackson-module-parameter-names-2.15.4.jar;C:\Users\DEEPU\.m2\repository\org\springframework\boot\spring-boot-starter-tomcat\3.2.11\spring-boot-starter-tomcat-3.2.11.jar;C:\Users\DEEPU\.m2\repository\org\apache\tomcat\embed\tomcat-embed-websocket\10.1.31\tomcat-embed-websocket-10.1.31.jar;C:\Users\DEEPU\.m2\repository\org\springframework\spring-web\6.1.14\spring-web-6.1.14.jar;C:\Users\DEEPU\.m2\repository\org\springframework\spring-beans\6.1.14\spring-beans-6.1.14.jar;C:\Users\DEEPU\.m2\repository\io\micrometer\micrometer-observation\1.12.11\micrometer-observation-1.12.11.jar;C:\Users\DEEPU\.m2\repository\io\micrometer\micrometer-commons\1.12.11\micrometer-commons-1.12.11.jar;C:\Users\DEEPU\.m2\repository\org\springframework\spring-webmvc\6.1.14\spring-webmvc-6.1.14.jar;C:\Users\DEEPU\.m2\repository\org\springframework\spring-aop\6.1.14\spring-aop-6.1.14.jar;C:\Users\DEEPU\.m2\repository\org\springframework\spring-context\6.1.14\spring-context-6.1.14.jar;C:\Users\DEEPU\.m2\repository\org\springframework\spring-expression\6.1.14\spring-expression-6.1.14.jar;C:\Users\DEEPU\.m2\repository\org\springframework\boot\spring-boot-devtools\3.2.11\spring-boot-devtools-3.2.11.jar;C:\Users\DEEPU\.m2\repository\org\springframework\boot\spring-boot\3.2.11\spring-boot-3.2.11.jar;C:\Users\DEEPU\.m2\repository\org\springframework\boot\spring-boot-autoconfigure\3.2.11\spring-boot-autoconfigure-3.2.11.jar;C:\Users\DEEPU\.m2\repository\org\slf4j\slf4j-api\2.0.16\slf4j-api-2.0.16.jar;C:\Users\DEEPU\.m2\repository\jakarta\xml\bind\jakarta.xml.bind-api\4.0.2\jakarta.xml.bind-api-4.0.2.jar;C:\Users\DEEPU\.m2\repository\jakarta\activation\jakarta.activation-api\2.1.3\jakarta.activation-api-2.1.3.jar;C:\Users\DEEPU\.m2\repository\net\bytebuddy\byte-buddy\1.14.19\byte-buddy-1.14.19.jar;C:\Users\DEEPU\.m2\repository\org\springframework\spring-core\6.1.14\spring-core-6.1.14.jar;C:\Users\DEEPU\.m2\repository\org\springframework\spring-jcl\6.1.14\spring-jcl-6.1.14.jar;C:\Users\DEEPU\.m2\repository\jakarta\servlet\jakarta.servlet-api\6.0.0\jakarta.servlet-api-6.0.0.jar;C:\Users\DEEPU\.m2\repository\org\springframework\boot\spring-boot-starter-mail\3.2.11\spring-boot-starter-mail-3.2.11.jar;C:\Users\DEEPU\.m2\repository\org\springframework\spring-context-support\6.1.14\spring-context-support-6.1.14.jar;C:\Users\DEEPU\.m2\repository\org\eclipse\angus\jakarta.mail\2.0.3\jakarta.mail-2.0.3.jar;C:\Users\DEEPU\.m2\repository\org\eclipse\angus\angus-activation\2.0.2\angus-activation-2.0.2.jar;C:\Users\DEEPU\.m2\repository\com\sun\mail\javax.mail\1.6.2\javax.mail-1.6.2.jar;C:\Users\DEEPU\.m2\repository\javax\activation\activation\1.1\activation-1.1.jar;C:\Users\DEEPU\.m2\repository\org\apache\tomcat\tomcat-jasper-el\11.0.0\tomcat-jasper-el-11.0.0.jar;C:\Users\DEEPU\.m2\repository\org\apache\tomcat\tomcat-el-api\11.0.0\tomcat-el-api-11.0.0.jar;C:\Users\DEEPU\.m2\repository\org\apache\tomcat\embed\tomcat-embed-jasper\11.0.0\tomcat-embed-jasper-11.0.0.jar;C:\Users\DEEPU\.m2\repository\org\apache\tomcat\embed\tomcat-embed-core\10.1.31\tomcat-embed-core-10.1.31.jar;C:\Users\DEEPU\.m2\repository\org\apache\tomcat\tomcat-annotations-api\10.1.31\tomcat-annotations-api-10.1.31.jar;C:\Users\DEEPU\.m2\repository\org\apache\tomcat\embed\tomcat-embed-el\10.1.31\tomcat-embed-el-10.1.31.jar;C:\Users\DEEPU\.m2\repository\org\eclipse\jdt\ecj\3.39.0\ecj-3.39.0.jar;C:\Users\DEEPU\.m2\repository\org\glassfish\web\jakarta.servlet.jsp.jstl\2.0.0\jakarta.servlet.jsp.jstl-2.0.0.jar;C:\Users\DEEPU\.m2\repository\jakarta\servlet\jsp\jstl\jakarta.servlet.jsp.jstl-api\3.0.2\jakarta.servlet.jsp.jstl-api-3.0.2.jar;C:\Users\DEEPU\.m2\repository\jakarta\el\jakarta.el-api\5.0.0\jakarta.el-api-5.0.0.jar;C:\Users\DEEPU\.m2\repository\org\springframework\boot\spring-boot-starter-data-jpa\3.2.11\spring-boot-starter-data-jpa-3.2.11.jar;C:\Users\DEEPU\.m2\repository\org\springframework\boot\spring-boot-starter-aop\3.2.11\spring-boot-starter-aop-3.2.11.jar;C:\Users\DEEPU\.m2\repository\org\aspectj\aspectjweaver\1.9.22.1\aspectjweaver-1.9.22.1.jar;C:\Users\DEEPU\.m2\repository\org\springframework\boot\spring-boot-starter-jdbc\3.2.11\spring-boot-starter-jdbc-3.2.11.jar;C:\Users\DEEPU\.m2\repository\com\zaxxer\HikariCP\5.0.1\HikariCP-5.0.1.jar;C:\Users\DEEPU\.m2\repository\org\springframework\spring-jdbc\6.1.14\spring-jdbc-6.1.14.jar;C:\Users\DEEPU\.m2\repository\org\hibernate\orm\hibernate-core\6.4.10.Final\hibernate-core-6.4.10.Final.jar;C:\Users\DEEPU\.m2\repository\jakarta\persistence\jakarta.persistence-api\3.1.0\jakarta.persistence-api-3.1.0.jar;C:\Users\DEEPU\.m2\repository\jakarta\transaction\jakarta.transaction-api\2.0.1\jakarta.transaction-api-2.0.1.jar;C:\Users\DEEPU\.m2\repository\org\jboss\logging\jboss-logging\3.5.3.Final\jboss-logging-3.5.3.Final.jar;C:\Users\DEEPU\.m2\repository\org\hibernate\common\hibernate-commons-annotations\6.0.6.Final\hibernate-commons-annotations-6.0.6.Final.jar;C:\Users\DEEPU\.m2\repository\io\smallrye\jandex\3.1.2\jandex-3.1.2.jar;C:\Users\DEEPU\.m2\repository\com\fasterxml\classmate\1.6.0\classmate-1.6.0.jar;C:\Users\DEEPU\.m2\repository\org\glassfish\jaxb\jaxb-runtime\4.0.5\jaxb-runtime-4.0.5.jar;C:\Users\DEEPU\.m2\repository\org\glassfish\jaxb\jaxb-core\4.0.5\jaxb-core-4.0.5.jar;C:\Users\DEEPU\.m2\repository\org\glassfish\jaxb\txw2\4.0.5\txw2-4.0.5.jar;C:\Users\DEEPU\.m2\repository\com\sun\istack\istack-commons-runtime\4.1.2\istack-commons-runtime-4.1.2.jar;C:\Users\DEEPU\.m2\repository\jakarta\inject\jakarta.inject-api\2.0.1\jakarta.inject-api-2.0.1.jar;C:\Users\DEEPU\.m2\repository\org\antlr\antlr4-runtime\4.13.0\antlr4-runtime-4.13.0.jar;C:\Users\DEEPU\.m2\repository\org\springframework\data\spring-data-jpa\3.2.11\spring-data-jpa-3.2.11.jar;C:\Users\DEEPU\.m2\repository\org\springframework\data\spring-data-commons\3.2.11\spring-data-commons-3.2.11.jar;C:\Users\DEEPU\.m2\repository\org\springframework\spring-orm\6.1.14\spring-orm-6.1.14.jar;C:\Users\DEEPU\.m2\repository\org\springframework\spring-tx\6.1.14\spring-tx-6.1.14.jar;C:\Users\DEEPU\.m2\repository\org\springframework\spring-aspects\6.1.14\spring-aspects-6.1.14.jar;C:\Users\DEEPU\.m2\repository\com\mysql\mysql-connector-j\8.3.0\mysql-connector-j-8.3.0.jar
Launcher Type: SUN_STANDARD

[Global flags]
     intx CICompilerCount                          = 4                                         {product} {ergonomic}
     uint ConcGCThreads                            = 2                                         {product} {ergonomic}
     uint G1ConcRefinementThreads                  = 8                                         {product} {ergonomic}
   size_t G1HeapRegionSize                         = 1048576                                   {product} {ergonomic}
    uintx GCDrainStackTargetSize                   = 64                                        {product} {ergonomic}
   size_t InitialHeapSize                          = 132120576                                 {product} {ergonomic}
   size_t MarkStackSize                            = 4194304                                   {product} {ergonomic}
   size_t MaxHeapSize                              = 2113929216                                {product} {ergonomic}
   size_t MaxNewSize                               = 1267728384                                {product} {ergonomic}
   size_t MinHeapDeltaBytes                        = 1048576                                   {product} {ergonomic}
   size_t MinHeapSize                              = 8388608                                   {product} {ergonomic}
    uintx NonNMethodCodeHeapSize                   = 5839372                                {pd product} {ergonomic}
    uintx NonProfiledCodeHeapSize                  = 122909434                              {pd product} {ergonomic}
    uintx ProfiledCodeHeapSize                     = 122909434                              {pd product} {ergonomic}
    uintx ReservedCodeCacheSize                    = 251658240                              {pd product} {ergonomic}
     bool SegmentedCodeCache                       = true                                      {product} {ergonomic}
     bool ShowCodeDetailsInExceptionMessages       = true                                   {manageable} {command line}
   size_t SoftMaxHeapSize                          = 2113929216                             {manageable} {ergonomic}
     bool UseCompressedOops                        = true                           {product lp64_product} {ergonomic}
     bool UseG1GC                                  = true                                      {product} {ergonomic}
     bool UseLargePagesIndividualAllocation        = false                                  {pd product} {ergonomic}

Logging:
Log output configuration:
 #0: stdout all=warning uptime,level,tags foldmultilines=false
 #1: stderr all=off uptime,level,tags foldmultilines=false

Environment Variables:
PATH=C:/Users/DEEPU/.p2/pool/plugins/org.eclipse.justj.openjdk.hotspot.jre.full.win32.x86_64_21.0.6.v20250130-0529/jre/bin/server;C:/Users/DEEPU/.p2/pool/plugins/org.eclipse.justj.openjdk.hotspot.jre.full.win32.x86_64_21.0.6.v20250130-0529/jre/bin;C:\Windows\system32;C:\Windows;C:\Windows\System32\Wbem;C:\Windows\System32\WindowsPowerShell\v1.0\;C:\Windows\System32\OpenSSH\;C:\Program Files\nodejs\;C:\Program Files\Docker\Docker\resources\bin;C:\Program Files\Git\cmd;C:\Program Files\MySQL\MySQL Shell 8.0\bin\;C:\Users\DEEPU\AppData\Local\Microsoft\WindowsApps;C:\Users\DEEPU\AppData\Roaming\npm;C:\Users\DEEPU\AppData\Local\Programs\Microsoft VS Code\bin;C:\Windows\System32;
USERNAME=DEEPU
OS=Windows_NT
PROCESSOR_IDENTIFIER=Intel64 Family 6 Model 142 Stepping 10, GenuineIntel
TMP=C:\Users\DEEPU\AppData\Local\Temp
TEMP=C:\Users\DEEPU\AppData\Local\Temp




Periodic native trim disabled

---------------  S Y S T E M  ---------------

OS:
 Windows 10 , 64 bit Build 19041 (10.0.19041.5438)
OS uptime: 4 days 14:28 hours
Hyper-V role detected

CPU: total 8 (initial active 8) (4 cores per cpu, 2 threads per core) family 6 model 142 stepping 10 microcode 0xec, cx8, cmov, fxsr, ht, mmx, 3dnowpref, sse, sse2, sse3, ssse3, sse4.1, sse4.2, popcnt, lzcnt, tsc, tscinvbit, avx, avx2, aes, erms, clmul, bmi1, bmi2, adx, fma, vzeroupper, clflush, clflushopt, hv, rdtscp, f16c
Processor Information for processor 0
  Max Mhz: 1801, Current Mhz: 1801, Mhz Limit: 1801
Processor Information for processor 1
  Max Mhz: 1801, Current Mhz: 1500, Mhz Limit: 1801
Processor Information for processor 2
  Max Mhz: 1801, Current Mhz: 1801, Mhz Limit: 1801
Processor Information for processor 3
  Max Mhz: 1801, Current Mhz: 1500, Mhz Limit: 1801
Processor Information for processor 4
  Max Mhz: 1801, Current Mhz: 1801, Mhz Limit: 1801
Processor Information for processor 5
  Max Mhz: 1801, Current Mhz: 1500, Mhz Limit: 1801
Processor Information for processor 6
  Max Mhz: 1801, Current Mhz: 1801, Mhz Limit: 1801
Processor Information for processor 7
  Max Mhz: 1801, Current Mhz: 1500, Mhz Limit: 1801

Memory: 4k page, system-wide physical 8058M (2144M free)
TotalPageFile size 9338M (AvailPageFile size 1903M)
current process WorkingSet (physical memory assigned to process): 150M, peak: 150M
current process commit charge ("private bytes"): 268M, peak: 268M

vm_info: OpenJDK 64-Bit Server VM (21.0.6+7-LTS) for windows-amd64 JRE (21.0.6+7-LTS), built on 2025-01-21T00:00:00Z by "admin" with MS VC++ 17.7 (VS2022)

END.
